<?xml version="1.0" encoding="UTF-8" ?>
<testsuite errors="0" failures="1" hostname="DESKTOP-PTIB81B" name="fundamentaltask.FundamentalTest" skipped="1" tests="6" time="0.938" timestamp="2023-04-11T14:06:01">
  <properties>
    <property name="libs.spring-framework300.classpath" value="C:\Program Files\NetBeans-15\netbeans\platform\modules\org-apache-commons-logging.jar;C:\Program Files\NetBeans-15\netbeans\java\modules\ext\cglib-2.2.jar;C:\Program Files\NetBeans-15\netbeans\java\modules\ext\spring-3.0\spring-aop-3.2.18.RELEASE.jar;C:\Program Files\NetBeans-15\netbeans\java\modules\ext\spring-3.0\spring-aspects-3.2.18.RELEASE.jar;C:\Program Files\NetBeans-15\netbeans\java\modules\ext\spring-3.0\spring-beans-3.2.18.RELEASE.jar;C:\Program Files\NetBeans-15\netbeans\java\modules\ext\spring-3.0\spring-context-3.2.18.RELEASE.jar;C:\Program Files\NetBeans-15\netbeans\java\modules\ext\spring-3.0\spring-context-support-3.2.18.RELEASE.jar;C:\Program Files\NetBeans-15\netbeans\java\modules\ext\spring-3.0\spring-core-3.2.18.RELEASE.jar;C:\Program Files\NetBeans-15\netbeans\java\modules\ext\spring-3.0\spring-expression-3.2.18.RELEASE.jar;C:\Program Files\NetBeans-15\netbeans\java\modules\ext\spring-3.0\spring-instrument-3.2.18.RELEASE.jar;C:\Program Files\NetBeans-15\netbeans\java\modules\ext\spring-3.0\spring-instrument-tomcat-3.2.18.RELEASE.jar;C:\Program Files\NetBeans-15\netbeans\java\modules\ext\spring-3.0\spring-jdbc-3.2.18.RELEASE.jar;C:\Program Files\NetBeans-15\netbeans\java\modules\ext\spring-3.0\spring-jms-3.2.18.RELEASE.jar;C:\Program Files\NetBeans-15\netbeans\java\modules\ext\spring-3.0\spring-orm-3.2.18.RELEASE.jar;C:\Program Files\NetBeans-15\netbeans\java\modules\ext\spring-3.0\spring-oxm-3.2.18.RELEASE.jar;C:\Program Files\NetBeans-15\netbeans\java\modules\ext\spring-3.0\spring-struts-3.2.18.RELEASE.jar;C:\Program Files\NetBeans-15\netbeans\java\modules\ext\spring-3.0\spring-test-3.2.18.RELEASE.jar;C:\Program Files\NetBeans-15\netbeans\java\modules\ext\spring-3.0\spring-tx-3.2.18.RELEASE.jar;C:\Program Files\NetBeans-15\netbeans\java\modules\ext\spring-3.0\spring-web-3.2.18.RELEASE.jar;C:\Program Files\NetBeans-15\netbeans\java\modules\ext\spring-3.0\spring-webmvc-3.2.18.RELEASE.jar;C:\Program Files\NetBeans-15\netbeans\java\modules\ext\spring-3.0\spring-webmvc-portlet-3.2.18.RELEASE.jar" />
    <property name="javac.test.classpath" value="C:\Program Files\NetBeans-15\netbeans\java\modules\ext\eclipselink\org.eclipse.persistence.core-2.7.10.jar;C:\Program Files\NetBeans-15\netbeans\java\modules\ext\eclipselink\org.eclipse.persistence.asm-9.2.0.jar;C:\Program Files\NetBeans-15\netbeans\java\modules\ext\eclipselink\org.eclipse.persistence.antlr-2.7.10.jar;C:\Program Files\NetBeans-15\netbeans\java\modules\ext\eclipselink\org.eclipse.persistence.jpa-2.7.10.jar;C:\Program Files\NetBeans-15\netbeans\java\modules\ext\eclipselink\org.eclipse.persistence.jpa.jpql-2.7.10.jar;C:\Program Files\NetBeans-15\netbeans\java\modules\ext\eclipselink\org.eclipse.persistence.moxy-2.7.10.jar;C:\Program Files\NetBeans-15\netbeans\java\modules\ext\eclipselink\jakarta.persistence-2.2.3.jar:C:\Users\csomo\Documents\NetBeansProjects\konyvek\libs\mysql-connector-j-8.0.31\mysql-connector-j-8.0.31.jar:build/classes:C:\Program Files\NetBeans-15\netbeans\platform\modules\ext\junit-4.13.2.jar:C:\Program Files\NetBeans-15\netbeans\platform\modules\ext\hamcrest-core-1.3.jar:test\libs\Exam2023-03-06TestLib.jar" />
    <property name="java.specification.version" value="19" />
    <property name="libs.spring-framework500.classpath" value="C:\Program Files\NetBeans-15\netbeans\platform\modules\org-apache-commons-logging.jar;C:\Program Files\NetBeans-15\netbeans\java\modules\ext\cglib-2.2.jar;C:\Program Files\NetBeans-15\netbeans\java\modules\ext\spring-5\spring-aop-5.2.9.RELEASE.jar;C:\Program Files\NetBeans-15\netbeans\java\modules\ext\spring-5\spring-aspects-5.2.9.RELEASE.jar;C:\Program Files\NetBeans-15\netbeans\java\modules\ext\spring-5\spring-beans-5.2.9.RELEASE.jar;C:\Program Files\NetBeans-15\netbeans\java\modules\ext\spring-5\spring-context-5.2.9.RELEASE.jar;C:\Program Files\NetBeans-15\netbeans\java\modules\ext\spring-5\spring-context-indexer-5.2.9.RELEASE.jar;C:\Program Files\NetBeans-15\netbeans\java\modules\ext\spring-5\spring-context-support-5.2.9.RELEASE.jar;C:\Program Files\NetBeans-15\netbeans\java\modules\ext\spring-5\spring-core-5.2.9.RELEASE.jar;C:\Program Files\NetBeans-15\netbeans\java\modules\ext\spring-5\spring-expression-5.2.9.RELEASE.jar;C:\Program Files\NetBeans-15\netbeans\java\modules\ext\spring-5\spring-instrument-5.2.9.RELEASE.jar;C:\Program Files\NetBeans-15\netbeans\java\modules\ext\spring-5\spring-jcl-5.2.9.RELEASE.jar;C:\Program Files\NetBeans-15\netbeans\java\modules\ext\spring-5\spring-jdbc-5.2.9.RELEASE.jar;C:\Program Files\NetBeans-15\netbeans\java\modules\ext\spring-5\spring-jms-5.2.9.RELEASE.jar;C:\Program Files\NetBeans-15\netbeans\java\modules\ext\spring-5\spring-messaging-5.2.9.RELEASE.jar;C:\Program Files\NetBeans-15\netbeans\java\modules\ext\spring-5\spring-orm-5.2.9.RELEASE.jar;C:\Program Files\NetBeans-15\netbeans\java\modules\ext\spring-5\spring-oxm-5.2.9.RELEASE.jar;C:\Program Files\NetBeans-15\netbeans\java\modules\ext\spring-5\spring-test-5.2.9.RELEASE.jar;C:\Program Files\NetBeans-15\netbeans\java\modules\ext\spring-5\spring-tx-5.2.9.RELEASE.jar;C:\Program Files\NetBeans-15\netbeans\java\modules\ext\spring-5\spring-web-5.2.9.RELEASE.jar;C:\Program Files\NetBeans-15\netbeans\java\modules\ext\spring-5\spring-webflux-5.2.9.RELEASE.jar;C:\Program Files\NetBeans-15\netbeans\java\modules\ext\spring-5\spring-webmvc-5.2.9.RELEASE.jar;C:\Program Files\NetBeans-15\netbeans\java\modules\ext\spring-5\spring-websocket-5.2.9.RELEASE.jar" />
    <property name="jar.index.metainf" value="false" />
    <property name="libs.spring-framework400.classpath" value="C:\Program Files\NetBeans-15\netbeans\platform\modules\org-apache-commons-logging.jar;C:\Program Files\NetBeans-15\netbeans\java\modules\ext\cglib-2.2.jar;C:\Program Files\NetBeans-15\netbeans\java\modules\ext\spring-4\spring-aop-4.3.29.RELEASE.jar;C:\Program Files\NetBeans-15\netbeans\java\modules\ext\spring-4\spring-aspects-4.3.29.RELEASE.jar;C:\Program Files\NetBeans-15\netbeans\java\modules\ext\spring-4\spring-beans-4.3.29.RELEASE.jar;C:\Program Files\NetBeans-15\netbeans\java\modules\ext\spring-4\spring-context-4.3.29.RELEASE.jar;C:\Program Files\NetBeans-15\netbeans\java\modules\ext\spring-4\spring-context-support-4.3.29.RELEASE.jar;C:\Program Files\NetBeans-15\netbeans\java\modules\ext\spring-4\spring-core-4.3.29.RELEASE.jar;C:\Program Files\NetBeans-15\netbeans\java\modules\ext\spring-4\spring-expression-4.3.29.RELEASE.jar;C:\Program Files\NetBeans-15\netbeans\java\modules\ext\spring-4\spring-instrument-4.3.29.RELEASE.jar;C:\Program Files\NetBeans-15\netbeans\java\modules\ext\spring-4\spring-instrument-tomcat-4.3.29.RELEASE.jar;C:\Program Files\NetBeans-15\netbeans\java\modules\ext\spring-4\spring-jdbc-4.3.29.RELEASE.jar;C:\Program Files\NetBeans-15\netbeans\java\modules\ext\spring-4\spring-jms-4.3.29.RELEASE.jar;C:\Program Files\NetBeans-15\netbeans\java\modules\ext\spring-4\spring-messaging-4.3.29.RELEASE.jar;C:\Program Files\NetBeans-15\netbeans\java\modules\ext\spring-4\spring-orm-4.3.29.RELEASE.jar;C:\Program Files\NetBeans-15\netbeans\java\modules\ext\spring-4\spring-oxm-4.3.29.RELEASE.jar;C:\Program Files\NetBeans-15\netbeans\java\modules\ext\spring-4\spring-test-4.3.29.RELEASE.jar;C:\Program Files\NetBeans-15\netbeans\java\modules\ext\spring-4\spring-tx-4.3.29.RELEASE.jar;C:\Program Files\NetBeans-15\netbeans\java\modules\ext\spring-4\spring-web-4.3.29.RELEASE.jar;C:\Program Files\NetBeans-15\netbeans\java\modules\ext\spring-4\spring-webmvc-4.3.29.RELEASE.jar;C:\Program Files\NetBeans-15\netbeans\java\modules\ext\spring-4\spring-webmvc-portlet-4.3.29.RELEASE.jar;C:\Program Files\NetBeans-15\netbeans\java\modules\ext\spring-4\spring-websocket-4.3.29.RELEASE.jar" />
    <property name="libs.spring-webmvc4.0.javadoc" value="" />
    <property name="test.binaryincludes" value="&lt;nothing&gt;" />
    <property name="debug-transport" value="dt_shmem" />
    <property name="do.jlink" value="false" />
    <property name="libs.javaee-web-api-8.0.src" value="" />
    <property name="java.vendor.url" value="https://java.oracle.com/" />
    <property name="libs.Jakarta_EE_9_API_Library.maven-pom" value="" />
    <property name="debug.modulepath" value="" />
    <property name="libs.jsp-compilation.src" value="" />
    <property name="libs.eclipselink.javadoc" value="C:\Program Files\NetBeans-15\netbeans\java\modules\ext\docs\jakarta.persistence-2.2.3-doc.zip" />
    <property name="libs.JWSAntTasks.javadoc" value="" />
    <property name="sun.boot.library.path" value="C:\Program Files\Java\jdk-19\bin" />
    <property name="sun.java.command" value="org.apache.tools.ant.taskdefs.optional.junit.JUnitTestRunner fundamentaltask.FundamentalTest skipNonTests=false filtertrace=true haltOnError=false haltOnFailure=false showoutput=true outputtoformatters=true logfailedtests=true threadid=0 logtestlistenerevents=true formatter=org.apache.tools.ant.taskdefs.optional.junit.BriefJUnitResultFormatter formatter=org.apache.tools.ant.taskdefs.optional.junit.XMLJUnitResultFormatter,C:\Users\csomo\Documents\NetBeansProjects\CsomósVince_Exam\java_backend_exam_230306\build\test\results\TEST-fundamentaltask.FundamentalTest.xml crashfile=C:\Users\csomo\Documents\NetBeansProjects\CsomósVince_Exam\java_backend_exam_230306\build\junitvmwatcher2253064331737254735.properties propsfile=C:\Users\csomo\Documents\NetBeansProjects\CsomósVince_Exam\java_backend_exam_230306\build\junit9132001529587898893.properties" />
    <property name="jdk.debug" value="release" />
    <property name="libs.spring-framework300.src" value="" />
    <property name="javadoc.use" value="true" />
    <property name="javadoc.notree" value="false" />
    <property name="libs.MySqlDriiver.javadoc" value="" />
    <property name="basedir" value="C:\Users\csomo\Documents\NetBeansProjects\CsomósVince_Exam\java_backend_exam_230306" />
    <property name="application.vendor" value="Gabor" />
    <property name="java.specification.name" value="Java Platform API Specification" />
    <property name="java.vm.specification.vendor" value="Oracle Corporation" />
    <property name="libs.Jakarta_EE_9_API_Library.src" value="" />
    <property name="libs.jsf20.classpath" value="C:\Program Files\NetBeans-15\netbeans\enterprise\modules\ext\jsf-2_2\javax.faces.jar" />
    <property name="netbeans.extbrowser.manual_chrome_plugin_install" value="yes" />
    <property name="libs.spring-framework500.javadoc" value="" />
    <property name="netbeans.default_userdir_root" value="C:\Users\csomo\AppData\Roaming\NetBeans" />
    <property name="libs.jsp-compilation-syscp.src" value="" />
    <property name="jdk.home" value="C:\Program Files\Java\jdk-19" />
    <property name="java.runtime.version" value="19+36-2238" />
    <property name="libs.eclipselink.maven-pom" value="" />
    <property name="libs.metro.maven-pom" value="" />
    <property name="libs.JAXB-ENDORSED.javadoc" value="" />
    <property name="sun.java2d.noddraw" value="true" />
    <property name="guice.disable.misplaced.annotation.check" value="true" />
    <property name="sun.zip.disableMemoryMapping" value="true" />
    <property name="jnidispatch.path" value="C:\Users\csomo\AppData\Local\Temp\jna-94964705\jna4806623682318430958.dll" />
    <property name="libs.primefaces.javadoc" value="" />
    <property name="libs.jsp-compilation.javadoc" value="" />
    <property name="libs.jsf12.src" value="" />
    <property name="libs.groovy-all.maven-pom" value="" />
    <property name="libs.restapi.src" value="" />
    <property name="libs.junit_5.javadoc" value="C:\Program Files\NetBeans-15\netbeans\platform\docs\junit-jupiter-api-5.6.0-javadoc.jar;C:\Program Files\NetBeans-15\netbeans\platform\docs\junit-jupiter-params-5.6.0-javadoc.jar;C:\Program Files\NetBeans-15\netbeans\platform\docs\junit-jupiter-engine-5.6.0-javadoc.jar" />
    <property name="dist.archive.excludes" value="" />
    <property name="java.io.tmpdir" value="C:\Users\csomo\AppData\Local\Temp\" />
    <property name="java.version" value="19" />
    <property name="java.vm.specification.name" value="Java Virtual Machine Specification" />
    <property name="libs.jakartaee-api-8.0.javadoc" value="C:\Program Files\NetBeans-15\netbeans\enterprise\docs\jakartaee8-doc-api.jar" />
    <property name="native.encoding" value="Cp1252" />
    <property name="java.library.path" value="C:\Program Files\Java\jdk-19\bin;C:\Windows\Sun\Java\bin;C:\Windows\system32;C:\Windows;C:\Program Files\Common Files\Oracle\Java\javapath;C:\Program Files (x86)\Common Files\Oracle\Java\javapath;C:\Windows\system32;C:\Windows;C:\Windows\System32\Wbem;C:\Windows\System32\WindowsPowerShell\v1.0\;C:\Windows\System32\OpenSSH\;C:\Program Files\Git\cmd;C:\Program Files\MySQL\MySQL Shell 8.0\bin\;C:\Users\csomo\AppData\Local\Microsoft\WindowsApps;C:\Users\csomo\AppData\Local\GitHubDesktop\bin;." />
    <property name="libs.hamcrest.src" value="" />
    <property name="java.vendor" value="Oracle Corporation" />
    <property name="libs.testng.javadoc" value="C:\Program Files\NetBeans-15\netbeans\platform\docs\testng-6.13.1-javadoc.jar" />
    <property name="libs.groovy-all.src" value="" />
    <property name="meta.inf.dir" value="src/META-INF" />
    <property name="run.upgrademodulepath" value="" />
    <property name="ant.file.type.Exam2023-03-06-impl" value="file" />
    <property name="compile.on.save" value="true" />
    <property name="libs.testng.maven-pom" value="" />
    <property name="jlink.additionalparam" value="" />
    <property name="org.openide.version" value="deprecated" />
    <property name="libs.JAVADB_DRIVER_LABEL.src" value="" />
    <property name="run.classpath" value="C:\Program Files\NetBeans-15\netbeans\java\modules\ext\eclipselink\org.eclipse.persistence.core-2.7.10.jar;C:\Program Files\NetBeans-15\netbeans\java\modules\ext\eclipselink\org.eclipse.persistence.asm-9.2.0.jar;C:\Program Files\NetBeans-15\netbeans\java\modules\ext\eclipselink\org.eclipse.persistence.antlr-2.7.10.jar;C:\Program Files\NetBeans-15\netbeans\java\modules\ext\eclipselink\org.eclipse.persistence.jpa-2.7.10.jar;C:\Program Files\NetBeans-15\netbeans\java\modules\ext\eclipselink\org.eclipse.persistence.jpa.jpql-2.7.10.jar;C:\Program Files\NetBeans-15\netbeans\java\modules\ext\eclipselink\org.eclipse.persistence.moxy-2.7.10.jar;C:\Program Files\NetBeans-15\netbeans\java\modules\ext\eclipselink\jakarta.persistence-2.2.3.jar:C:\Users\csomo\Documents\NetBeansProjects\konyvek\libs\mysql-connector-j-8.0.31\mysql-connector-j-8.0.31.jar:build/classes" />
    <property name="libs.jaxb.src" value="" />
    <property name="sun.awt.enableExtraMouseButtons" value="true" />
    <property name="test.src.dir" value="test" />
    <property name="org.openide.major.version" value="IDE/1" />
    <property name="libs.spring-framework300.javadoc" value="" />
    <property name="ap.proc.none.internal" value="" />
    <property name="org.openide.specification.version" value="6.2" />
    <property name="user.timezone" value="Europe/Budapest" />
    <property name="jar.index" value="false" />
    <property name="libs.jpa20-persistence.classpath" value="C:\Program Files\NetBeans-15\netbeans\java\modules\ext\eclipselink\jakarta.persistence-2.2.3.jar" />
    <property name="libs.junit_5.classpath" value="C:\Program Files\NetBeans-15\netbeans\platform\modules\ext\junit-jupiter-api-5.6.0.jar;C:\Program Files\NetBeans-15\netbeans\platform\modules\ext\junit-jupiter-params-5.6.0.jar;C:\Program Files\NetBeans-15\netbeans\platform\modules\ext\junit-jupiter-engine-5.6.0.jar" />
    <property name="libs.eclipselinkmodelgen.javadoc" value="" />
    <property name="java.vm.specification.version" value="19" />
    <property name="javadoc.noindex" value="false" />
    <property name="javadoc.private" value="false" />
    <property name="libs.spring-webmvc4.0.maven-pom" value="" />
    <property name="libs.JAXB-ENDORSED.maven-pom" value="" />
    <property name="user.home" value="C:\Users\csomo" />
    <property name="libs.eclipselinkmodelgen.maven-pom" value="" />
    <property name="have.sources" value="true" />
    <property name="annotation.processing.processors.list" value="" />
    <property name="javac.deprecation" value="false" />
    <property name="jlink.launcher" value="true" />
    <property name="build.generated.sources.dir" value="build/generated-sources" />
    <property name="plugin.manager.check.updates" value="false" />
    <property name="ant.file.Exam2023-03-06-impl" value="C:\Users\csomo\Documents\NetBeansProjects\CsomósVince_Exam\java_backend_exam_230306\nbproject\build-impl.xml" />
    <property name="netbeans.autoupdate.language" value="en" />
    <property name="build.compiler.emacs" value="true" />
    <property name="libs.eclipselinkmodelgen.src" value="" />
    <property name="build.classes.excludes" value="**/*.java,**/*.form" />
    <property name="dist.jar" value="dist/Exam2023-03-06.jar" />
    <property name="libs.EclipseLink-GlassFish-v5.maven-pom" value="" />
    <property name="libs.jakartaee-web-api-9.0.classpath" value="C:\Program Files\NetBeans-15\netbeans\enterprise\modules\ext\jakarta.jakartaee-web-api-9.0.0.jar" />
    <property name="libs.spring-webmvc4.0.classpath" value="C:\Program Files\NetBeans-15\netbeans\java\modules\ext\spring-4\spring-webmvc-4.3.29.RELEASE.jar" />
    <property name="modules.supported.internal" value="true" />
    <property name="libs.javaee-endorsed-api-7.0.javadoc" value="C:\Program Files\NetBeans-15\netbeans\enterprise\docs\javaee-doc-api.jar" />
    <property name="libs.EclipseLink-GlassFish-v5.javadoc" value="C:\Program Files\NetBeans-12.2\netbeans\enterprise\docs\javaee-doc-api.jar" />
    <property name="os.version" value="10.0" />
    <property name="netbeans.home" value="C:\Program Files\NetBeans-15\netbeans\platform" />
    <property name="libs.CopyLibs.javadoc" value="" />
    <property name="debug-transport-by-os" value="dt_shmem" />
    <property name="libs.javaee-api-8.0.javadoc" value="C:\Program Files\NetBeans-15\netbeans\enterprise\docs\javaee-doc-api.jar" />
    <property name="libs.jsf20.src" value="" />
    <property name="java.vm.name" value="Java HotSpot(TM) 64-Bit Server VM" />
    <property name="unnamed.module.internal" value="true" />
    <property name="libs.jstl.javadoc" value="C:\Program Files\NetBeans-15\netbeans\enterprise\docs\javaee-doc-api.jar" />
    <property name="libs.javaee-endorsed-api-7.0.maven-pom" value="" />
    <property name="libs.jaxws21.classpath" value="C:\Program Files\NetBeans-15\netbeans\java\modules\ext\jaxws22\api\jakarta.jws-api.jar;C:\Program Files\NetBeans-15\netbeans\java\modules\ext\jaxws22\api\jakarta.xml.soap-api.jar;C:\Program Files\NetBeans-15\netbeans\java\modules\ext\jaxws22\api\jakarta.xml.ws-api.jar;C:\Program Files\NetBeans-15\netbeans\java\modules\ext\jaxws22\FastInfoset.jar;C:\Program Files\NetBeans-15\netbeans\java\modules\ext\jaxws22\gmbal-api-only.jar;C:\Program Files\NetBeans-15\netbeans\java\modules\ext\jaxws22\ha-api.jar;C:\Program Files\NetBeans-15\netbeans\java\modules\ext\jaxws22\jakarta.mail.jar;C:\Program Files\NetBeans-15\netbeans\java\modules\ext\jaxws22\jaxws-rt.jar;C:\Program Files\NetBeans-15\netbeans\java\modules\ext\jaxws22\jaxws-tools.jar;C:\Program Files\NetBeans-15\netbeans\java\modules\ext\jaxws22\management-api.jar;C:\Program Files\NetBeans-15\netbeans\java\modules\ext\jaxws22\mimepull.jar;C:\Program Files\NetBeans-15\netbeans\java\modules\ext\jaxws22\policy.jar;C:\Program Files\NetBeans-15\netbeans\java\modules\ext\jaxws22\saaj-impl.jar;C:\Program Files\NetBeans-15\netbeans\java\modules\ext\jaxws22\stax-ex.jar;C:\Program Files\NetBeans-15\netbeans\java\modules\ext\jaxws22\stax2-api.jar;C:\Program Files\NetBeans-15\netbeans\java\modules\ext\jaxws22\streambuffer.jar;C:\Program Files\NetBeans-15\netbeans\java\modules\ext\jaxws22\woodstox-core.jar;C:\Program Files\NetBeans-15\netbeans\ide\modules\ext\jaxb\api\jaxb-api.jar;C:\Program Files\NetBeans-15\netbeans\ide\modules\ext\jaxb\activation.jar;C:\Program Files\NetBeans-15\netbeans\ide\modules\ext\jaxb\jaxb-impl.jar;C:\Program Files\NetBeans-15\netbeans\ide\modules\ext\jaxb\jaxb-xjc.jar" />
    <property name="libs.restapi.classpath" value="C:\Program Files\NetBeans-15\netbeans\enterprise\modules\ext\jaxrs-2.1\jakarta.ws.rs-api-2.1.6.jar" />
    <property name="os.arch" value="amd64" />
    <property name="build.generated.dir" value="build/generated" />
    <property name="libs.Jakarta_EE_9_API_Library.javadoc" value="C:\Program Files\NetBeans-12.2\netbeans\java\modules\ext\jakarta.jakartaee-web-api-9.0.0-javadoc.jar" />
    <property name="libs.groovy-all.javadoc" value="" />
    <property name="libs.JSF2.4.src" value="" />
    <property name="libs.jakartaee-api-8.0.classpath" value="C:\Program Files\NetBeans-15\netbeans\enterprise\modules\ext\jakarta.jakartaee-api-8.0.0.jar" />
    <property name="libs.javaee-web-api-7.0.javadoc" value="C:\Program Files\NetBeans-15\netbeans\enterprise\docs\javaee-doc-api.jar" />
    <property name="libs.javaee-endorsed-api-6.0.src" value="" />
    <property name="libs.jsf12.maven-pom" value="" />
    <property name="libs.javaee-endorsed-api-7.0.classpath" value="C:\Program Files\NetBeans-15\netbeans\enterprise\modules\ext\javaee7-endorsed\javax.annotation-api.jar;C:\Program Files\NetBeans-15\netbeans\enterprise\modules\ext\javaee7-endorsed\javax.xml.soap-api.jar;C:\Program Files\NetBeans-15\netbeans\enterprise\modules\ext\javaee7-endorsed\jaxb-api-osgi.jar;C:\Program Files\NetBeans-15\netbeans\enterprise\modules\ext\javaee7-endorsed\jaxws-api.jar;C:\Program Files\NetBeans-15\netbeans\enterprise\modules\ext\javaee7-endorsed\jsr181-api.jar" />
    <property name="libs.primefaces.maven-pom" value="" />
    <property name="org.netbeans.io.suspend" value="0" />
    <property name="ant.file.Exam2023-03-06" value="C:\Users\csomo\Documents\NetBeansProjects\CsomósVince_Exam\java_backend_exam_230306\build.xml" />
    <property name="ant.project.name" value="Exam2023-03-06" />
    <property name="dist.javadoc.dir" value="dist/javadoc" />
    <property name="default.javac.target" value="19" />
    <property name="javac.fork" value="true" />
    <property name="libs.eclipselink.classpath" value="C:\Program Files\NetBeans-15\netbeans\java\modules\ext\eclipselink\org.eclipse.persistence.core-2.7.10.jar;C:\Program Files\NetBeans-15\netbeans\java\modules\ext\eclipselink\org.eclipse.persistence.asm-9.2.0.jar;C:\Program Files\NetBeans-15\netbeans\java\modules\ext\eclipselink\org.eclipse.persistence.antlr-2.7.10.jar;C:\Program Files\NetBeans-15\netbeans\java\modules\ext\eclipselink\org.eclipse.persistence.jpa-2.7.10.jar;C:\Program Files\NetBeans-15\netbeans\java\modules\ext\eclipselink\org.eclipse.persistence.jpa.jpql-2.7.10.jar;C:\Program Files\NetBeans-15\netbeans\java\modules\ext\eclipselink\org.eclipse.persistence.moxy-2.7.10.jar;C:\Program Files\NetBeans-15\netbeans\java\modules\ext\eclipselink\jakarta.persistence-2.2.3.jar" />
    <property name="libs.Comet-GlassFish-v3.classpath" value="" />
    <property name="libs.Comet-GlassFish-v3.javadoc" value="" />
    <property name="libs.EclipseLink-GlassFish-v3.src" value="" />
    <property name="libs.struts.classpath" value="C:\Program Files\NetBeans-15\netbeans\enterprise\modules\ext\struts\antlr-2.7.2.jar;C:\Program Files\NetBeans-15\netbeans\enterprise\modules\ext\struts\bsf-2.3.0.jar;C:\Program Files\NetBeans-15\netbeans\enterprise\modules\ext\struts\commons-beanutils-1.8.0.jar;C:\Program Files\NetBeans-15\netbeans\enterprise\modules\ext\struts\commons-chain-1.2.jar;C:\Program Files\NetBeans-15\netbeans\enterprise\modules\ext\struts\commons-digester-1.8.jar;C:\Program Files\NetBeans-15\netbeans\enterprise\modules\ext\struts\commons-fileupload-1.1.1.jar;C:\Program Files\NetBeans-15\netbeans\enterprise\modules\ext\struts\commons-io-1.1.jar;C:\Program Files\NetBeans-15\netbeans\enterprise\modules\ext\struts\commons-logging-1.0.4.jar;C:\Program Files\NetBeans-15\netbeans\enterprise\modules\ext\struts\commons-validator-1.3.1.jar;C:\Program Files\NetBeans-15\netbeans\enterprise\modules\ext\struts\jstl-1.0.2.jar;C:\Program Files\NetBeans-15\netbeans\enterprise\modules\ext\struts\oro-2.0.8.jar;C:\Program Files\NetBeans-15\netbeans\enterprise\modules\ext\struts\standard-1.0.6.jar;C:\Program Files\NetBeans-15\netbeans\enterprise\modules\ext\struts\struts-core-1.3.10.jar;C:\Program Files\NetBeans-15\netbeans\enterprise\modules\ext\struts\struts-el-1.3.10.jar;C:\Program Files\NetBeans-15\netbeans\enterprise\modules\ext\struts\struts-extras-1.3.10.jar;C:\Program Files\NetBeans-15\netbeans\enterprise\modules\ext\struts\struts-faces-1.3.10.jar;C:\Program Files\NetBeans-15\netbeans\enterprise\modules\ext\struts\struts-mailreader-dao-1.3.10.jar;C:\Program Files\NetBeans-15\netbeans\enterprise\modules\ext\struts\struts-scripting-1.3.10.jar;C:\Program Files\NetBeans-15\netbeans\enterprise\modules\ext\struts\struts-taglib-1.3.10.jar;C:\Program Files\NetBeans-15\netbeans\enterprise\modules\ext\struts\struts-tiles-1.3.10.jar" />
    <property name="libs.JSF2.4.javadoc" value="" />
    <property name="libs.PostgreSQLDriver.maven-pom" value="" />
    <property name="libs.absolutelayout.src" value="" />
    <property name="libs.Java-EE-Payara-v5.src" value="" />
    <property name="libs.Global_Key_Listener.maven-pom" value="" />
    <property name="testng.mode" value="testng" />
    <property name="annotation.processing.enabled.in.editor" value="false" />
    <property name="java.vm.compressedOopsMode" value="Zero based" />
    <property name="netbeans.productversion" value="Apache NetBeans IDE 15" />
    <property name="mkdist.disabled" value="false" />
    <property name="libs.javaee-web-api-6.0.javadoc" value="C:\Program Files\NetBeans-15\netbeans\enterprise\docs\javaee-doc-api.jar" />
    <property name="file.reference.mysql-connector-j-8.0.31.jar" value="C:\Users\csomo\Documents\NetBeansProjects\konyvek\libs\mysql-connector-j-8.0.31\mysql-connector-j-8.0.31.jar" />
    <property name="libs.groovy-all.classpath" value="C:\Program Files\NetBeans-15\netbeans\groovy\modules\ext\groovy-3.0.8.jar;C:\Program Files\NetBeans-15\netbeans\groovy\modules\ext\groovy-ant-3.0.8.jar" />
    <property name="libs.javaee-api-7.0.maven-pom" value="" />
    <property name="libs.absolutelayout.javadoc" value="" />
    <property name="libs.Java-EE-GlassFish-v3-Prelude.javadoc" value="C:\Program Files\NetBeans-12.6\netbeans\enterprise\docs\javaee-doc-api.jar" />
    <property name="libs.Java-EE-GlassFish-v3-Prelude.maven-pom" value="" />
    <property name="module.build.classes.dir" value="build/classes" />
    <property name="libs.jaxb.maven-pom" value="" />
    <property name="annotation.processing.processor.options" value="-Aeclipselink.canonicalmodel.use_static_factory=false" />
    <property name="libs.javaee-api-6.0.maven-pom" value="" />
    <property name="dist.dir" value="dist" />
    <property name="build.dir" value="build" />
    <property name="libs.graaljs.maven-pom" value="" />
    <property name="netbeans.autoupdate.variant" value="" />
    <property name="javadoc.version" value="false" />
    <property name="libs.metro.classpath" value="C:\Program Files\NetBeans-15\netbeans\ide\modules\ext\jaxb\activation.jar;C:\Program Files\NetBeans-15\netbeans\enterprise\modules\ext\metro\webservices-api.jar;C:\Program Files\NetBeans-15\netbeans\enterprise\modules\ext\metro\webservices-extra-api.jar;C:\Program Files\NetBeans-15\netbeans\enterprise\modules\ext\metro\webservices-extra.jar;C:\Program Files\NetBeans-15\netbeans\enterprise\modules\ext\metro\webservices-rt.jar;C:\Program Files\NetBeans-15\netbeans\enterprise\modules\ext\metro\webservices-tools.jar" />
    <property name="libs.metro.src" value="" />
    <property name="libs.CopyLibs.classpath" value="C:\Program Files\NetBeans-15\netbeans\java\ant\extra\org-netbeans-modules-java-j2seproject-copylibstask.jar" />
    <property name="sun.os.patch.level" value="" />
    <property name="javadoc.html5" value="false" />
    <property name="javac.test.processorpath" value="C:\Program Files\NetBeans-15\netbeans\java\modules\ext\eclipselink\org.eclipse.persistence.core-2.7.10.jar;C:\Program Files\NetBeans-15\netbeans\java\modules\ext\eclipselink\org.eclipse.persistence.asm-9.2.0.jar;C:\Program Files\NetBeans-15\netbeans\java\modules\ext\eclipselink\org.eclipse.persistence.antlr-2.7.10.jar;C:\Program Files\NetBeans-15\netbeans\java\modules\ext\eclipselink\org.eclipse.persistence.jpa-2.7.10.jar;C:\Program Files\NetBeans-15\netbeans\java\modules\ext\eclipselink\org.eclipse.persistence.jpa.jpql-2.7.10.jar;C:\Program Files\NetBeans-15\netbeans\java\modules\ext\eclipselink\org.eclipse.persistence.moxy-2.7.10.jar;C:\Program Files\NetBeans-15\netbeans\java\modules\ext\eclipselink\jakarta.persistence-2.2.3.jar:C:\Users\csomo\Documents\NetBeansProjects\konyvek\libs\mysql-connector-j-8.0.31\mysql-connector-j-8.0.31.jar:build/classes:C:\Program Files\NetBeans-15\netbeans\platform\modules\ext\junit-4.13.2.jar:C:\Program Files\NetBeans-15\netbeans\platform\modules\ext\hamcrest-core-1.3.jar:test\libs\Exam2023-03-06TestLib.jar" />
    <property name="libs.javaee-web-api-7.0.maven-pom" value="" />
    <property name="libs.javaee-web-api-8.0.maven-pom" value="" />
    <property name="netbeans.dirs" value="C:\Program Files\NetBeans-15\netbeans\nb;C:\Program Files\NetBeans-15\netbeans\ergonomics;C:\Program Files\NetBeans-15\netbeans\ide;C:\Program Files\NetBeans-15\netbeans\extide;C:\Program Files\NetBeans-15\netbeans\java;C:\Program Files\NetBeans-15\netbeans\apisupport;C:\Program Files\NetBeans-15\netbeans\webcommon;C:\Program Files\NetBeans-15\netbeans\websvccommon;C:\Program Files\NetBeans-15\netbeans\enterprise;C:\Program Files\NetBeans-15\netbeans\mobility;C:\Program Files\NetBeans-15\netbeans\profiler;C:\Program Files\NetBeans-15\netbeans\python;C:\Program Files\NetBeans-15\netbeans\php;C:\Program Files\NetBeans-15\netbeans\identity;C:\Program Files\NetBeans-15\netbeans\harness;C:\Program Files\NetBeans-15\netbeans\cnd;C:\Program Files\NetBeans-15\netbeans\cndext;C:\Program Files\NetBeans-15\netbeans\cpplite;C:\Program Files\NetBeans-15\netbeans\dlight;C:\Program Files\NetBeans-15\netbeans\groovy;C:\Program Files\NetBeans-15\netbeans\extra;C:\Program Files\NetBeans-15\netbeans\javacard;C:\Program Files\NetBeans-15\netbeans\javafx" />
    <property name="libs.JAVADB_DRIVER_LABEL.javadoc" value="" />
    <property name="libs.hamcrest.maven-pom" value="" />
    <property name="javac.processorpath" value="C:\Program Files\NetBeans-15\netbeans\java\modules\ext\eclipselink\org.eclipse.persistence.core-2.7.10.jar;C:\Program Files\NetBeans-15\netbeans\java\modules\ext\eclipselink\org.eclipse.persistence.asm-9.2.0.jar;C:\Program Files\NetBeans-15\netbeans\java\modules\ext\eclipselink\org.eclipse.persistence.antlr-2.7.10.jar;C:\Program Files\NetBeans-15\netbeans\java\modules\ext\eclipselink\org.eclipse.persistence.jpa-2.7.10.jar;C:\Program Files\NetBeans-15\netbeans\java\modules\ext\eclipselink\org.eclipse.persistence.jpa.jpql-2.7.10.jar;C:\Program Files\NetBeans-15\netbeans\java\modules\ext\eclipselink\org.eclipse.persistence.moxy-2.7.10.jar;C:\Program Files\NetBeans-15\netbeans\java\modules\ext\eclipselink\jakarta.persistence-2.2.3.jar:C:\Users\csomo\Documents\NetBeansProjects\konyvek\libs\mysql-connector-j-8.0.31\mysql-connector-j-8.0.31.jar:C:\Program Files\NetBeans-15\netbeans\java\modules\ext\eclipselink\org.eclipse.persistence.jpa.modelgen.processor-2.7.10.jar" />
    <property name="libs.javaee-api-6.0.javadoc" value="C:\Program Files\NetBeans-15\netbeans\enterprise\docs\javaee-doc-api.jar" />
    <property name="libs.JWSAntTasks.maven-pom" value="" />
    <property name="javac.upgrademodulepath" value="" />
    <property name="run.modulepath" value="" />
    <property name="do.archive+manifest.available" value="true" />
    <property name="apple.laf.useScreenMenuBar" value="true" />
    <property name="user.country" value="GB" />
    <property name="sun.java.launcher" value="SUN_STANDARD" />
    <property name="libs.jakartaee-api-9.0.maven-pom" value="" />
    <property name="libs.jpa20-persistence.src" value="" />
    <property name="libs.restapi.javadoc" value="" />
    <property name="endorsed.classpath" value="" />
    <property name="javac.test.sourcepath" value="C:\Users\csomo\Documents\NetBeansProjects\CsomósVince_Exam\java_backend_exam_230306\build\empty" />
    <property name="libs.spring-webmvc3.0.maven-pom" value="" />
    <property name="includes" value="**" />
    <property name="libs.jsf12.javadoc" value="C:\Program Files\NetBeans-15\netbeans\enterprise\docs\javaee-doc-api.jar" />
    <property name="libs.hamcrest.classpath" value="C:\Program Files\NetBeans-15\netbeans\platform\modules\ext\hamcrest-core-1.3.jar" />
    <property name="javadoc.splitindex" value="true" />
    <property name="libs.JWSAntTasks.classpath" value="C:\Program Files\NetBeans-15\netbeans\java\ant\extra\org-netbeans-modules-javawebstart-anttasks.jar" />
    <property name="junit.available" value="true" />
    <property name="javac.processormodulepath" value="" />
    <property name="javadoc.encoding" value="UTF-8" />
    <property name="libs.jsp-compilation-syscp.maven-pom" value="" />
    <property name="libs.jstl.src" value="" />
    <property name="netbeans.hash.code" value="unique=NB_EXTIDE_JAVA_PHP_WEBCOMMON_WEBEE04ed3caa1-0eb7-41f4-8aa0-cec6e65057c9_18fa7c0c-450b-4047-aa46-5432bb177712" />
    <property name="jlink.strip" value="false" />
    <property name="libs.spring-webmvc3.0.classpath" value="C:\Program Files\NetBeans-15\netbeans\java\modules\ext\spring-3.0\spring-webmvc-3.2.18.RELEASE.jar" />
    <property name="java.runtime.name" value="Java(TM) SE Runtime Environment" />
    <property name="libs.jaxb.javadoc" value="C:\Program Files\NetBeans-15\netbeans\ide\docs\jaxb-api-doc.jar" />
    <property name="manifest.available" value="true" />
    <property name="libs.Java-EE-Payara-v5.javadoc" value="C:\Program Files\NetBeans-12.2\netbeans\enterprise\docs\javaee-doc-api.jar" />
    <property name="libs.spring-framework500.maven-pom" value="" />
    <property name="run.jvmargs.ide" value="" />
    <property name="ant.core.lib" value="C:\Program Files\NetBeans-15\netbeans\extide\ant\lib\ant.jar" />
    <property name="libs.MySqlDriiver.maven-pom" value="" />
    <property name="libs.jsp-compilation.maven-pom" value="" />
    <property name="javac.profile.cmd.line.arg" value="" />
    <property name="libs.jakartaee-api-9.0.classpath" value="C:\Program Files\NetBeans-15\netbeans\enterprise\modules\ext\jakarta.jakartaee-api-9.0.0.jar" />
    <property name="application.title" value="Exam2023-03-06" />
    <property name="do.archive+main.class.available" value="true" />
    <property name="javac.test.modulepath" value="" />
    <property name="ignore.failing.tests" value="true" />
    <property name="libs.PostgreSQLDriver.javadoc" value="" />
    <property name="libs.jsp-compilation-syscp.classpath" value="C:\Program Files\NetBeans-15\netbeans\extide\ant\lib\ant.jar;C:\Program Files\NetBeans-15\netbeans\enterprise\modules\ext\servlet3.1-jsp2.3-api.jar;C:\Program Files\NetBeans-15\netbeans\enterprise\modules\ext\glassfish-jspparser-4.0.jar;C:\Program Files\NetBeans-15\netbeans\enterprise\modules\ext\jstl-impl.jar;C:\Program Files\NetBeans-15\netbeans\enterprise\modules\ext\jsf-2_2\javax.faces.jar" />
    <property name="libs.jsp-compilation.classpath" value="C:\Program Files\NetBeans-15\netbeans\extide\ant\lib\ant.jar;C:\Program Files\NetBeans-15\netbeans\enterprise\modules\ext\servlet3.1-jsp2.3-api.jar;C:\Program Files\NetBeans-15\netbeans\enterprise\modules\ext\glassfish-jspparser-4.0.jar;C:\Program Files\NetBeans-15\netbeans\enterprise\modules\ext\jsf-2_2\javax.faces.jar;C:\Program Files\NetBeans-15\netbeans\enterprise\modules\ext\jstl-api.jar;C:\Program Files\NetBeans-15\netbeans\extide\ant\lib\ant-launcher.jar" />
    <property name="libs.MySqlDriiver.classpath" value="C:\Program Files\NetBeans-12.2\netbeans\java\modules\ext\mysql-connector-java-8.0.24.jar" />
    <property name="libs.EclipseLink-GlassFish-v5.src" value="" />
    <property name="libs.Java-EE-GlassFish-v3-Prelude.classpath" value="C:\Users\Gabor\Documents\glassfish5\glassfish5\glassfish\modules\endorsed\grizzly-npn-bootstrap.jar;C:\Users\Gabor\Documents\glassfish5\glassfish5\glassfish\modules\endorsed\javax.annotation-api.jar;C:\Users\Gabor\Documents\glassfish5\glassfish5\glassfish\modules\endorsed\jaxb-api.jar;C:\Users\Gabor\Documents\glassfish5\glassfish5\glassfish\modules\endorsed\webservices-api-osgi.jar;C:\Users\Gabor\Documents\glassfish5\glassfish5\glassfish\modules\bean-validator.jar;C:\Users\Gabor\Documents\glassfish5\glassfish5\glassfish\modules\cdi-api.jar;C:\Users\Gabor\Documents\glassfish5\glassfish5\glassfish\modules\javax.batch-api.jar;C:\Users\Gabor\Documents\glassfish5\glassfish5\glassfish\modules\javax.ejb-api.jar;C:\Users\Gabor\Documents\glassfish5\glassfish5\glassfish\modules\javax.el.jar;C:\Users\Gabor\Documents\glassfish5\glassfish5\glassfish\modules\javax.enterprise.concurrent-api.jar;C:\Users\Gabor\Documents\glassfish5\glassfish5\glassfish\modules\javax.enterprise.concurrent.jar;C:\Users\Gabor\Documents\glassfish5\glassfish5\glassfish\modules\javax.enterprise.deploy-api.jar;C:\Users\Gabor\Documents\glassfish5\glassfish5\glassfish\modules\javax.faces.jar;C:\Users\Gabor\Documents\glassfish5\glassfish5\glassfish\modules\javax.inject.jar;C:\Users\Gabor\Documents\glassfish5\glassfish5\glassfish\modules\javax.interceptor-api.jar;C:\Users\Gabor\Documents\glassfish5\glassfish5\glassfish\modules\javax.jms-api.jar;C:\Users\Gabor\Documents\glassfish5\glassfish5\glassfish\modules\javax.json.bind-api.jar;C:\Users\Gabor\Documents\glassfish5\glassfish5\glassfish\modules\javax.json.jar;C:\Users\Gabor\Documents\glassfish5\glassfish5\glassfish\modules\javax.mail.jar;C:\Users\Gabor\Documents\glassfish5\glassfish5\glassfish\modules\javax.management.j2ee-api.jar;C:\Users\Gabor\Documents\glassfish5\glassfish5\glassfish\modules\javax.persistence.jar;C:\Users\Gabor\Documents\glassfish5\glassfish5\glassfish\modules\javax.resource-api.jar;C:\Users\Gabor\Documents\glassfish5\glassfish5\glassfish\modules\javax.security.auth.message-api.jar;C:\Users\Gabor\Documents\glassfish5\glassfish5\glassfish\modules\javax.security.enterprise-api.jar;C:\Users\Gabor\Documents\glassfish5\glassfish5\glassfish\modules\javax.security.enterprise.jar;C:\Users\Gabor\Documents\glassfish5\glassfish5\glassfish\modules\javax.security.jacc-api.jar;C:\Users\Gabor\Documents\glassfish5\glassfish5\glassfish\modules\javax.servlet-api.jar;C:\Users\Gabor\Documents\glassfish5\glassfish5\glassfish\modules\javax.servlet.jsp-api.jar;C:\Users\Gabor\Documents\glassfish5\glassfish5\glassfish\modules\javax.servlet.jsp.jar;C:\Users\Gabor\Documents\glassfish5\glassfish5\glassfish\modules\javax.servlet.jsp.jstl-api.jar;C:\Users\Gabor\Documents\glassfish5\glassfish5\glassfish\modules\javax.servlet.jsp.jstl.jar;C:\Users\Gabor\Documents\glassfish5\glassfish5\glassfish\modules\javax.transaction-api.jar;C:\Users\Gabor\Documents\glassfish5\glassfish5\glassfish\modules\javax.websocket-api.jar;C:\Users\Gabor\Documents\glassfish5\glassfish5\glassfish\modules\javax.ws.rs-api.jar;C:\Users\Gabor\Documents\glassfish5\glassfish5\glassfish\modules\javax.xml.registry-api.jar;C:\Users\Gabor\Documents\glassfish5\glassfish5\glassfish\modules\javax.xml.rpc-api.jar;C:\Users\Gabor\Documents\glassfish5\glassfish5\glassfish\modules\jaxb-osgi.jar;C:\Users\Gabor\Documents\glassfish5\glassfish5\glassfish\modules\webservices-osgi.jar;C:\Users\Gabor\Documents\glassfish5\glassfish5\glassfish\modules\weld-osgi-bundle.jar;C:\Users\Gabor\Documents\glassfish5\glassfish5\mq\lib\jaxm-api.jar" />
    <property name="libs.javaee-api-6.0.classpath" value="C:\Program Files\NetBeans-15\netbeans\enterprise\modules\ext\javaee-api-6.0.jar" />
    <property name="libs.javaee-api-7.0.classpath" value="C:\Program Files\NetBeans-15\netbeans\enterprise\modules\ext\javaee-api-7.0.jar" />
    <property name="sun.cpu.isalist" value="amd64" />
    <property name="libs.restapi.maven-pom" value="" />
    <property name="do.depend" value="false" />
    <property name="javadoc.preview" value="true" />
    <property name="libs.Global_Key_Listener.classpath" value="C:\Users\Gabor\Downloads\system-hook-3.8.jar" />
    <property name="sun.arch.data.model" value="64" />
    <property name="libs.jakartaee-web-api-9.0.maven-pom" value="" />
    <property name="libs.javaee-endorsed-api-7.0.src" value="" />
    <property name="annotation.processing.enabled" value="true" />
    <property name="libs.junit_5.src" value="C:\Program Files\NetBeans-15\netbeans\platform\docs\junit-jupiter-api-5.6.0-sources.jar;C:\Program Files\NetBeans-15\netbeans\platform\docs\junit-jupiter-params-5.6.0-sources.jar;C:\Program Files\NetBeans-15\netbeans\platform\docs\junit-jupiter-engine-5.6.0-sources.jar" />
    <property name="libs.jaxb.classpath" value="C:\Program Files\NetBeans-15\netbeans\ide\modules\ext\jaxb\jaxb-impl.jar;C:\Program Files\NetBeans-15\netbeans\ide\modules\ext\jaxb\jaxb-xjc.jar;C:\Program Files\NetBeans-15\netbeans\ide\modules\ext\jaxb\activation.jar;C:\Program Files\NetBeans-15\netbeans\ide\modules\ext\jaxb\api\jaxb-api.jar" />
    <property name="libs.javaee-api-8.0.classpath" value="C:\Program Files\NetBeans-15\netbeans\enterprise\modules\ext\javaee-api-8.0.jar" />
    <property name="libs.CopyLibs.src" value="" />
    <property name="java.specification.vendor" value="Oracle Corporation" />
    <property name="javac.source" value="17" />
    <property name="java.version.date" value="2022-09-20" />
    <property name="java.home" value="C:\Program Files\Java\jdk-19" />
    <property name="work.dir" value="C:\Users\csomo\Documents\NetBeansProjects\CsomósVince_Exam\java_backend_exam_230306" />
    <property name="javac.test.compilerargs" value="" />
    <property name="jna.boot.library.name" value="jnidispatch-nb" />
    <property name="libs.PostgreSQLDriver.classpath" value="C:\Program Files\NetBeans-15\netbeans\ide\modules\ext\postgresql-42.2.16.jar" />
    <property name="libs.graaljs.javadoc" value="" />
    <property name="libs.spring-webmvc3.0.javadoc" value="" />
    <property name="libs.JAXB-ENDORSED.src" value="" />
    <property name="manifest.encoding" value="UTF-8" />
    <property name="user.script" value="" />
    <property name="libs.spring-framework400.src" value="" />
    <property name="sun.management.compiler" value="HotSpot 64-Bit Tiered Compilers" />
    <property name="run.test.modulepath" value="" />
    <property name="libs.graaljs.classpath" value="C:\Program Files\NetBeans-15\netbeans\webcommon\modules\ext\js-20.3.0.jar;C:\Program Files\NetBeans-15\netbeans\webcommon\modules\ext\js-launcher-20.3.0.jar;C:\Program Files\NetBeans-15\netbeans\webcommon\modules\ext\regex-20.3.0.jar;C:\Program Files\NetBeans-15\netbeans\webcommon\modules\ext\icu4j-67.1.jar;C:\Program Files\NetBeans-15\netbeans\ide\modules\ext\graal-sdk-20.3.0.jar;C:\Program Files\NetBeans-15\netbeans\ide\modules\ext\launcher-common-20.3.0.jar;C:\Program Files\NetBeans-15\netbeans\ide\modules\ext\truffle-api-20.3.0.jar" />
    <property name="libs.javaee-web-api-6.0.classpath" value="C:\Program Files\NetBeans-15\netbeans\enterprise\modules\ext\javaee-web-api-6.0.jar" />
    <property name="libs.jsp-compiler.javadoc" value="" />
    <property name="debug.test.modulepath" value="" />
    <property name="libs.javaee-web-api-7.0.classpath" value="C:\Program Files\NetBeans-15\netbeans\enterprise\modules\ext\javaee-web-api-7.0.jar" />
    <property name="file.encoding" value="UTF-8" />
    <property name="java.util.logging.config.class" value="org.netbeans.core.startup.TopLogging" />
    <property name="libs.Comet-GlassFish-v3.maven-pom" value="" />
    <property name="https.nonProxyHosts" value="localhost|127.0.0.1|DESKTOP-PTIB81B" />
    <property name="libs.restlib.javadoc" value="" />
    <property name="libs.absolutelayout.classpath" value="C:\Program Files\NetBeans-15\netbeans\java\modules\ext\AbsoluteLayout.jar" />
    <property name="do.archive" value="true" />
    <property name="libs.struts.maven-pom" value="" />
    <property name="built-jar.properties" value="C:\Users\csomo\Documents\NetBeansProjects\CsomósVince_Exam\java_backend_exam_230306\build\built-jar.properties" />
    <property name="nb.native.filechooser" value="true" />
    <property name="libs.testng.src" value="" />
    <property name="libs.javaee-web-api-8.0.classpath" value="C:\Program Files\NetBeans-15\netbeans\enterprise\modules\ext\javaee-web-api-8.0.jar" />
    <property name="platform.active" value="default_platform" />
    <property name="manifest.file" value="manifest.mf" />
    <property name="stderr.encoding" value="Cp1252" />
    <property name="sun.io.unicode.encoding" value="UnicodeLittle" />
    <property name="libs.struts.javadoc" value="C:\Program Files\NetBeans-15\netbeans\enterprise\docs\struts-1.3.10-javadoc.zip" />
    <property name="default.javac.source" value="19" />
    <property name="libs.javaee-web-api-8.0.javadoc" value="C:\Program Files\NetBeans-15\netbeans\enterprise\docs\javaee-doc-api.jar" />
    <property name="netbeans.dynamic.classpath" value="C:\Program Files\NetBeans-15\netbeans\platform\core\asm-9.3.jar;C:\Program Files\NetBeans-15\netbeans\platform\core\asm-commons-9.3.jar;C:\Program Files\NetBeans-15\netbeans\platform\core\asm-tree-9.3.jar;C:\Program Files\NetBeans-15\netbeans\platform\core\core-base.jar;C:\Program Files\NetBeans-15\netbeans\platform\core\core.jar;C:\Program Files\NetBeans-15\netbeans\platform\core\org-netbeans-libs-asm.jar;C:\Program Files\NetBeans-15\netbeans\platform\core\org-openide-filesystems-compat8.jar;C:\Program Files\NetBeans-15\netbeans\platform\core\org-openide-filesystems.jar;C:\Program Files\NetBeans-15\netbeans\nb\core\org-netbeans-upgrader.jar;C:\Program Files\NetBeans-15\netbeans\nb\core\locale\core_nb.jar" />
    <property name="libs.eclipselinkmodelgen.classpath" value="C:\Program Files\NetBeans-15\netbeans\java\modules\ext\eclipselink\org.eclipse.persistence.jpa.modelgen.processor-2.7.10.jar" />
    <property name="javac.systemmodulepath.cmd.line.arg" value="" />
    <property name="libs.Global_Key_Listener.src" value="C:\Users\Gabor\Downloads\system-hook-3.8.zip" />
    <property name="netbeans.buildnumber" value="15-387759c96ce1b891ec45ffaf524a53499455fe1a" />
    <property name="php.global.include.path" value="" />
    <property name="endorsed.classpath.cmd.line.arg" value="" />
    <property name="libs.jpa20-persistence.maven-pom" value="" />
    <property name="libs.CopyLibs.maven-pom" value="" />
    <property name="build.sysclasspath" value="ignore" />
    <property name="os.name" value="Windows 10" />
    <property name="libs.jakartaee-api-8.0.maven-pom" value="" />
    <property name="jdkBug6558476" value="false" />
    <property name="libs.Global_Key_Listener.javadoc" value="" />
    <property name="http.nonProxyHosts" value="localhost|127.0.0.1|DESKTOP-PTIB81B" />
    <property name="javadoc.author" value="false" />
    <property name="main.class" value="main.Main" />
    <property name="libs.jsp-compilation-syscp.javadoc" value="" />
    <property name="nbplatform.default.harness.dir" value="${nbplatform.default.netbeans.dest.dir}/harness" />
    <property name="source.encoding" value="UTF-8" />
    <property name="jar.compress" value="false" />
    <property name="libs.javaee-api-7.0.javadoc" value="C:\Program Files\NetBeans-15\netbeans\enterprise\docs\javaee-doc-api.jar" />
    <property name="libs.spring-webmvc5.0.src" value="" />
    <property name="libs.jsf20.maven-pom" value="" />
    <property name="libs.restlib.classpath" value="C:\Program Files\NetBeans-15\netbeans\enterprise\modules\ext\jersey2\jakarta.annotation-api-1.3.5.jar;C:\Program Files\NetBeans-15\netbeans\enterprise\modules\ext\jersey2\jakarta.persistence-api-2.2.3.jar;C:\Program Files\NetBeans-15\netbeans\enterprise\modules\ext\jersey2\jakarta.servlet-api-4.0.4.jar;C:\Program Files\NetBeans-15\netbeans\enterprise\modules\ext\jersey2\jakarta.validation-api-2.0.2.jar;C:\Program Files\NetBeans-15\netbeans\enterprise\modules\ext\jersey2\jakarta.xml.bind-api-2.3.3.jar;C:\Program Files\NetBeans-15\netbeans\enterprise\modules\ext\jersey2\jersey-client-2.34.jar;C:\Program Files\NetBeans-15\netbeans\enterprise\modules\ext\jersey2\jersey-common-2.34.jar;C:\Program Files\NetBeans-15\netbeans\enterprise\modules\ext\jersey2\jersey-server-2.34.jar;C:\Program Files\NetBeans-15\netbeans\enterprise\modules\ext\jersey2\jersey-entity-filtering-2.34.jar;C:\Program Files\NetBeans-15\netbeans\enterprise\modules\ext\jersey2\jersey-hk2-2.34.jar;C:\Program Files\NetBeans-15\netbeans\enterprise\modules\ext\jersey2\jersey-media-moxy-2.34.jar;C:\Program Files\NetBeans-15\netbeans\enterprise\modules\ext\jersey2\jersey-container-servlet-2.34.jar;C:\Program Files\NetBeans-15\netbeans\enterprise\modules\ext\jersey2\jersey-container-servlet-core-2.34.jar;C:\Program Files\NetBeans-15\netbeans\enterprise\modules\ext\jersey2\hk2-api-2.6.1.jar;C:\Program Files\NetBeans-15\netbeans\enterprise\modules\ext\jersey2\hk2-locator-2.6.1.jar;C:\Program Files\NetBeans-15\netbeans\enterprise\modules\ext\jersey2\hk2-utils-2.6.1.jar;C:\Program Files\NetBeans-15\netbeans\enterprise\modules\ext\jersey2\jakarta.inject-2.6.1.jar;C:\Program Files\NetBeans-15\netbeans\enterprise\modules\ext\jersey2\aopalliance-repackaged-2.6.1.jar;C:\Program Files\NetBeans-15\netbeans\enterprise\modules\ext\jersey2\osgi.core-8.0.0.jar;C:\Program Files\NetBeans-15\netbeans\enterprise\modules\ext\jersey2\osgi-resource-locator-1.0.3.jar;C:\Program Files\NetBeans-15\netbeans\java\modules\ext\eclipselink\org.eclipse.persistence.core-2.7.10.jar;C:\Program Files\NetBeans-15\netbeans\java\modules\ext\eclipselink\org.eclipse.persistence.asm-9.2.0.jar;C:\Program Files\NetBeans-15\netbeans\java\modules\ext\eclipselink\org.eclipse.persistence.antlr-2.7.10.jar;C:\Program Files\NetBeans-15\netbeans\java\modules\ext\eclipselink\org.eclipse.persistence.jpa-2.7.10.jar;C:\Program Files\NetBeans-15\netbeans\java\modules\ext\eclipselink\org.eclipse.persistence.jpa.jpql-2.7.10.jar;C:\Program Files\NetBeans-15\netbeans\java\modules\ext\eclipselink\org.eclipse.persistence.moxy-2.7.10.jar" />
    <property name="libs.jakartaee-web-api-8.0.javadoc" value="C:\Program Files\NetBeans-15\netbeans\enterprise\docs\jakartaee8-doc-api.jar" />
    <property name="apple.awt.graphics.UseQuartz" value="true" />
    <property name="libs.graaljs.src" value="" />
    <property name="run.jvmargs" value="" />
    <property name="libs.primefaces.src" value="" />
    <property name="ant.file" value="C:\Users\csomo\Documents\NetBeansProjects\CsomósVince_Exam\java_backend_exam_230306\build.xml" />
    <property name="libs.struts.src" value="" />
    <property name="stdout.encoding" value="Cp1252" />
    <property name="path.separator" value=";" />
    <property name="libs.JAXB-ENDORSED.classpath" value="C:\Program Files\NetBeans-15\netbeans\ide\modules\ext\jaxb\api\jaxb-api.jar" />
    <property name="libs.restlib.src" value="" />
    <property name="build.test.results.dir" value="build/test/results" />
    <property name="libs.jaxws21.javadoc" value="C:\Program Files\NetBeans-15\netbeans\java\docs\jaxws-api-doc.zip" />
    <property name="libs.javaee-endorsed-api-6.0.javadoc" value="C:\Program Files\NetBeans-15\netbeans\enterprise\docs\javaee-doc-api.jar" />
    <property name="libs.spring-framework400.maven-pom" value="" />
    <property name="ap.processors.internal" value="" />
    <property name="module.name" value="" />
    <property name="libs.EclipseLink-GlassFish-v5.classpath" value="C:\Users\Gabor\Documents\payara\payara5\glassfish\modules\org.eclipse.persistence.antlr.jar;C:\Users\Gabor\Documents\payara\payara5\glassfish\modules\org.eclipse.persistence.asm.jar;C:\Users\Gabor\Documents\payara\payara5\glassfish\modules\org.eclipse.persistence.core.jar;C:\Users\Gabor\Documents\payara\payara5\glassfish\modules\org.eclipse.persistence.dbws.jar;C:\Users\Gabor\Documents\payara\payara5\glassfish\modules\org.eclipse.persistence.jpa.jar;C:\Users\Gabor\Documents\payara\payara5\glassfish\modules\org.eclipse.persistence.jpa.jpql.jar;C:\Users\Gabor\Documents\payara\payara5\glassfish\modules\org.eclipse.persistence.jpa.modelgen.processor.jar;C:\Users\Gabor\Documents\payara\payara5\glassfish\modules\org.eclipse.persistence.moxy.jar;C:\Users\Gabor\Documents\payara\payara5\glassfish\modules\org.eclipse.persistence.oracle.jar" />
    <property name="libs.jsf12.classpath" value="C:\Program Files\NetBeans-15\netbeans\enterprise\modules\ext\jsf-1_2\jsf-api.jar;C:\Program Files\NetBeans-15\netbeans\enterprise\modules\ext\jsf-1_2\jsf-impl.jar" />
    <property name="libs.spring-webmvc5.0.javadoc" value="" />
    <property name="libs.Comet-GlassFish-v3.src" value="" />
    <property name="libs.MySqlDriiver.src" value="" />
    <property name="libs.hamcrest.javadoc" value="" />
    <property name="libs.spring-framework400.javadoc" value="" />
    <property name="do.jar" value="true" />
    <property name="java.vm.info" value="mixed mode, sharing" />
    <property name="libs.primefaces.classpath" value="C:\Program Files\NetBeans-15\netbeans\enterprise\modules\ext\primefaces\primefaces-5.0.jar" />
    <property name="libs.jaxws21.maven-pom" value="" />
    <property name="run.test.classpath" value="C:\Program Files\NetBeans-15\netbeans\java\modules\ext\eclipselink\org.eclipse.persistence.core-2.7.10.jar;C:\Program Files\NetBeans-15\netbeans\java\modules\ext\eclipselink\org.eclipse.persistence.asm-9.2.0.jar;C:\Program Files\NetBeans-15\netbeans\java\modules\ext\eclipselink\org.eclipse.persistence.antlr-2.7.10.jar;C:\Program Files\NetBeans-15\netbeans\java\modules\ext\eclipselink\org.eclipse.persistence.jpa-2.7.10.jar;C:\Program Files\NetBeans-15\netbeans\java\modules\ext\eclipselink\org.eclipse.persistence.jpa.jpql-2.7.10.jar;C:\Program Files\NetBeans-15\netbeans\java\modules\ext\eclipselink\org.eclipse.persistence.moxy-2.7.10.jar;C:\Program Files\NetBeans-15\netbeans\java\modules\ext\eclipselink\jakarta.persistence-2.2.3.jar:C:\Users\csomo\Documents\NetBeansProjects\konyvek\libs\mysql-connector-j-8.0.31\mysql-connector-j-8.0.31.jar:build/classes:C:\Program Files\NetBeans-15\netbeans\platform\modules\ext\junit-4.13.2.jar:C:\Program Files\NetBeans-15\netbeans\platform\modules\ext\hamcrest-core-1.3.jar:test\libs\Exam2023-03-06TestLib.jar:build/test/classes" />
    <property name="dist.jlink.output" value="dist/jlink/Exam2023-03-06" />
    <property name="java.class.version" value="63.0" />
    <property name="javadoc.encoding.used" value="UTF-8" />
    <property name="src.dir" value="src" />
    <property name="ant.project.default-target" value="default" />
    <property name="debug.classpath" value="C:\Program Files\NetBeans-15\netbeans\java\modules\ext\eclipselink\org.eclipse.persistence.core-2.7.10.jar;C:\Program Files\NetBeans-15\netbeans\java\modules\ext\eclipselink\org.eclipse.persistence.asm-9.2.0.jar;C:\Program Files\NetBeans-15\netbeans\java\modules\ext\eclipselink\org.eclipse.persistence.antlr-2.7.10.jar;C:\Program Files\NetBeans-15\netbeans\java\modules\ext\eclipselink\org.eclipse.persistence.jpa-2.7.10.jar;C:\Program Files\NetBeans-15\netbeans\java\modules\ext\eclipselink\org.eclipse.persistence.jpa.jpql-2.7.10.jar;C:\Program Files\NetBeans-15\netbeans\java\modules\ext\eclipselink\org.eclipse.persistence.moxy-2.7.10.jar;C:\Program Files\NetBeans-15\netbeans\java\modules\ext\eclipselink\jakarta.persistence-2.2.3.jar:C:\Users\csomo\Documents\NetBeansProjects\konyvek\libs\mysql-connector-j-8.0.31\mysql-connector-j-8.0.31.jar:build/classes" />
    <property name="excludes" value="" />
    <property name="libs.javaee-api-7.0.src" value="" />
    <property name="libs.junit_4.javadoc" value="C:\Program Files\NetBeans-15\netbeans\platform\docs\junit-4.13.2-javadoc.jar" />
    <property name="run.test.jvmargs" value="" />
    <property name="sun.jnu.encoding" value="Cp1252" />
    <property name="libs.spring-webmvc4.0.src" value="" />
    <property name="sun.java2d.dpiaware" value="true" />
    <property name="main.class.available" value="true" />
    <property name="libs.jsf20.javadoc" value="C:\Program Files\NetBeans-15\netbeans\enterprise\docs\javaee-doc-api.jar" />
    <property name="libs.JAVADB_DRIVER_LABEL.classpath" value="C:\Program Files\Java\jdk1.8.0_151\db\lib\derby.jar;C:\Program Files\Java\jdk1.8.0_151\db\lib\derbyclient.jar;C:\Program Files\Java\jdk1.8.0_151\db\lib\derbynet.jar" />
    <property name="netbeans.importclass" value="org.netbeans.upgrade.AutoUpgrade" />
    <property name="netbeans.autoupdate.version" value="1.23" />
    <property name="libs.JSF2.4.maven-pom" value="" />
    <property name="empty.dir" value="C:\Users\csomo\Documents\NetBeansProjects\CsomósVince_Exam\java_backend_exam_230306\build\empty" />
    <property name="netbeans.user" value="C:\Users\csomo\AppData\Roaming\NetBeans\15" />
    <property name="file.separator" value="\" />
    <property name="line.separator" value="&#xd;&#xa;" />
    <property name="javadoc.additionalparam" value="" />
    <property name="libs.spring-webmvc5.0.classpath" value="C:\Program Files\NetBeans-15\netbeans\java\modules\ext\spring-5\spring-webmvc-5.2.9.RELEASE.jar" />
    <property name="has.persistence.xml" value="true" />
    <property name="javac.debug" value="true" />
    <property name="libs.restlib.maven-pom" value="" />
    <property name="libs.testng.classpath" value="C:\Program Files\NetBeans-15\netbeans\platform\modules\ext\testng-6.14.3.jar;C:\Program Files\NetBeans-15\netbeans\platform\modules\ext\jcommander-1.78.jar" />
    <property name="libs.jsp-compiler.src" value="" />
    <property name="libs.Java-EE-GlassFish-v3-Prelude.src" value="" />
    <property name="user.name" value="csomo" />
    <property name="build.classes.dir" value="build/classes" />
    <property name="javadoc.windowtitle" value="" />
    <property name="nb.junit.single" value="false" />
    <property name="nb.internal.action.name" value="test" />
    <property name="libs.javaee-api-8.0.maven-pom" value="" />
    <property name="libs.jaxws21.src" value="" />
    <property name="libs.jakartaee-web-api-9.0.javadoc" value="C:\Program Files\NetBeans-15\netbeans\enterprise\docs\jakartaee9-doc-api.jar" />
    <property name="libs.Jakarta_EE_9_API_Library.classpath" value="C:\Program Files\NetBeans-12.2\netbeans\java\modules\ext\jakarta.jakartaee-web-api-9.0.0.jar" />
    <property name="jna.loaded" value="true" />
    <property name="libs.junit_5.maven-pom" value="" />
    <property name="libs.jpa20-persistence.javadoc" value="C:\Program Files\NetBeans-15\netbeans\java\modules\ext\docs\jakarta.persistence-2.2.3-doc.zip" />
    <property name="ant.junit.enabletestlistenerevents" value="true" />
    <property name="libs.JWSAntTasks.src" value="" />
    <property name="ant.home" value="C:\Program Files\NetBeans-15\netbeans\extide\ant" />
    <property name="libs.spring-webmvc3.0.src" value="" />
    <property name="debug.test.classpath" value="C:\Program Files\NetBeans-15\netbeans\java\modules\ext\eclipselink\org.eclipse.persistence.core-2.7.10.jar;C:\Program Files\NetBeans-15\netbeans\java\modules\ext\eclipselink\org.eclipse.persistence.asm-9.2.0.jar;C:\Program Files\NetBeans-15\netbeans\java\modules\ext\eclipselink\org.eclipse.persistence.antlr-2.7.10.jar;C:\Program Files\NetBeans-15\netbeans\java\modules\ext\eclipselink\org.eclipse.persistence.jpa-2.7.10.jar;C:\Program Files\NetBeans-15\netbeans\java\modules\ext\eclipselink\org.eclipse.persistence.jpa.jpql-2.7.10.jar;C:\Program Files\NetBeans-15\netbeans\java\modules\ext\eclipselink\org.eclipse.persistence.moxy-2.7.10.jar;C:\Program Files\NetBeans-15\netbeans\java\modules\ext\eclipselink\jakarta.persistence-2.2.3.jar:C:\Users\csomo\Documents\NetBeansProjects\konyvek\libs\mysql-connector-j-8.0.31\mysql-connector-j-8.0.31.jar:build/classes:C:\Program Files\NetBeans-15\netbeans\platform\modules\ext\junit-4.13.2.jar:C:\Program Files\NetBeans-15\netbeans\platform\modules\ext\hamcrest-core-1.3.jar:test\libs\Exam2023-03-06TestLib.jar:build/test/classes" />
    <property name="have.tests" value="true" />
    <property name="javac.external.vm" value="true" />
    <property name="testng.debug.mode" value="" />
    <property name="javac.target" value="17" />
    <property name="ant.version" value="Apache Ant(TM) version 1.10.8 compiled on May 10 2020" />
    <property name="libs.EclipseLink-GlassFish-v3.javadoc" value="C:\Program Files\NetBeans-12.6\netbeans\enterprise\docs\javaee-doc-api.jar" />
    <property name="libs.absolutelayout.maven-pom" value="" />
    <property name="java.failonerror" value="true" />
    <property name="file.reference.Exam2023-03-06TestLib.jar" value="test\libs\Exam2023-03-06TestLib.jar" />
    <property name="javac.modulepath" value="" />
    <property name="libs.spring-framework500.src" value="" />
    <property name="libs.javaee-api-6.0.src" value="" />
    <property name="user.properties.file" value="C:\Users\csomo\AppData\Roaming\NetBeans\15\build.properties" />
    <property name="libs.EclipseLink-GlassFish-v3.maven-pom" value="" />
    <property name="netbeans.autoupdate.country" value="GB" />
    <property name="libs.Java-EE-Payara-v5.classpath" value="C:\Users\Gabor\Documents\payara\payara5\glassfish\modules\hibernate-validator.jar;C:\Users\Gabor\Documents\payara\payara5\glassfish\modules\jakarta.activation-api.jar;C:\Users\Gabor\Documents\payara\payara5\glassfish\modules\jakarta.activation.jar;C:\Users\Gabor\Documents\payara\payara5\glassfish\modules\jakarta.annotation-api.jar;C:\Users\Gabor\Documents\payara\payara5\glassfish\modules\jakarta.batch-api.jar;C:\Users\Gabor\Documents\payara\payara5\glassfish\modules\jakarta.ejb-api.jar;C:\Users\Gabor\Documents\payara\payara5\glassfish\modules\jakarta.el.jar;C:\Users\Gabor\Documents\payara\payara5\glassfish\modules\jakarta.enterprise.cdi-api.jar;C:\Users\Gabor\Documents\payara\payara5\glassfish\modules\jakarta.enterprise.concurrent-api.jar;C:\Users\Gabor\Documents\payara\payara5\glassfish\modules\jakarta.enterprise.deploy-api.jar;C:\Users\Gabor\Documents\payara\payara5\glassfish\modules\jakarta.faces.jar;C:\Users\Gabor\Documents\payara\payara5\glassfish\modules\jakarta.inject.jar;C:\Users\Gabor\Documents\payara\payara5\glassfish\modules\jakarta.interceptor-api.jar;C:\Users\Gabor\Documents\payara\payara5\glassfish\modules\jakarta.jms-api.jar;C:\Users\Gabor\Documents\payara\payara5\glassfish\modules\jakarta.json.bind-api.jar;C:\Users\Gabor\Documents\payara\payara5\glassfish\modules\jakarta.json.jar;C:\Users\Gabor\Documents\payara\payara5\glassfish\modules\jakarta.jws-api.jar;C:\Users\Gabor\Documents\payara\payara5\glassfish\modules\jakarta.mail.jar;C:\Users\Gabor\Documents\payara\payara5\glassfish\modules\jakarta.management.j2ee-api.jar;C:\Users\Gabor\Documents\payara\payara5\glassfish\modules\jakarta.persistence.jar;C:\Users\Gabor\Documents\payara\payara5\glassfish\modules\jakarta.resource-api.jar;C:\Users\Gabor\Documents\payara\payara5\glassfish\modules\jakarta.security.auth.message-api.jar;C:\Users\Gabor\Documents\payara\payara5\glassfish\modules\jakarta.security.enterprise-api.jar;C:\Users\Gabor\Documents\payara\payara5\glassfish\modules\jakarta.security.jacc-api.jar;C:\Users\Gabor\Documents\payara\payara5\glassfish\modules\jakarta.servlet-api.jar;C:\Users\Gabor\Documents\payara\payara5\glassfish\modules\jakarta.servlet.jsp-api.jar;C:\Users\Gabor\Documents\payara\payara5\glassfish\modules\jakarta.servlet.jsp.jstl-api.jar;C:\Users\Gabor\Documents\payara\payara5\glassfish\modules\jakarta.transaction-api.jar;C:\Users\Gabor\Documents\payara\payara5\glassfish\modules\jakarta.validation-api.jar;C:\Users\Gabor\Documents\payara\payara5\glassfish\modules\jakarta.websocket-api.jar;C:\Users\Gabor\Documents\payara\payara5\glassfish\modules\jakarta.ws.rs-api.jar;C:\Users\Gabor\Documents\payara\payara5\glassfish\modules\jakarta.xml.bind-api.jar;C:\Users\Gabor\Documents\payara\payara5\glassfish\modules\jakarta.xml.registry-api.jar;C:\Users\Gabor\Documents\payara\payara5\glassfish\modules\jakarta.xml.rpc-api.jar;C:\Users\Gabor\Documents\payara\payara5\glassfish\modules\jakarta.xml.ws-api.jar;C:\Users\Gabor\Documents\payara\payara5\glassfish\modules\javax.enterprise.concurrent.jar;C:\Users\Gabor\Documents\payara\payara5\glassfish\modules\javax.security.enterprise.jar;C:\Users\Gabor\Documents\payara\payara5\glassfish\modules\javax.servlet.jsp.jar;C:\Users\Gabor\Documents\payara\payara5\glassfish\modules\javax.servlet.jsp.jstl.jar;C:\Users\Gabor\Documents\payara\payara5\glassfish\modules\jaxb-osgi.jar;C:\Users\Gabor\Documents\payara\payara5\glassfish\modules\webservices-osgi.jar;C:\Users\Gabor\Documents\payara\payara5\glassfish\modules\weld-osgi-bundle.jar;C:\Users\Gabor\Documents\payara\payara5\mq\lib\jaxm-api.jar;C:\Users\Gabor\Documents\payara\payara5\glassfish\modules\microprofile-config-api.jar;C:\Users\Gabor\Documents\payara\payara5\glassfish\modules\microprofile-fault-tolerance-api.jar;C:\Users\Gabor\Documents\payara\payara5\glassfish\modules\microprofile-health-api.jar;C:\Users\Gabor\Documents\payara\payara5\glassfish\modules\microprofile-jwt-auth-api.jar;C:\Users\Gabor\Documents\payara\payara5\glassfish\modules\microprofile-metrics-api.jar;C:\Users\Gabor\Documents\payara\payara5\glassfish\modules\microprofile-openapi-api.jar;C:\Users\Gabor\Documents\payara\payara5\glassfish\modules\microprofile-opentracing-api.jar;C:\Users\Gabor\Documents\payara\payara5\glassfish\modules\microprofile-rest-client-api.jar;C:\Users\Gabor\Documents\payara\payara5\glassfish\modules\jackson-annotations.jar;C:\Users\Gabor\Documents\payara\payara5\glassfish\modules\jackson-core.jar;C:\Users\Gabor\Documents\payara\payara5\glassfish\modules\jackson-databind.jar;C:\Users\Gabor\Documents\payara\payara5\glassfish\modules\jackson-dataformat-xml.jar;C:\Users\Gabor\Documents\payara\payara5\glassfish\modules\jackson-dataformat-yaml.jar;C:\Users\Gabor\Documents\payara\payara5\glassfish\modules\jackson-module-jaxb-annotations.jar;C:\Users\Gabor\Documents\payara\payara5\glassfish\modules\jersey-bean-validation.jar;C:\Users\Gabor\Documents\payara\payara5\glassfish\modules\jersey-cdi1x-servlet.jar;C:\Users\Gabor\Documents\payara\payara5\glassfish\modules\jersey-cdi1x-transaction.jar;C:\Users\Gabor\Documents\payara\payara5\glassfish\modules\jersey-cdi1x.jar;C:\Users\Gabor\Documents\payara\payara5\glassfish\modules\jersey-client.jar;C:\Users\Gabor\Documents\payara\payara5\glassfish\modules\jersey-common.jar;C:\Users\Gabor\Documents\payara\payara5\glassfish\modules\jersey-container-grizzly2-http.jar;C:\Users\Gabor\Documents\payara\payara5\glassfish\modules\jersey-container-servlet-core.jar;C:\Users\Gabor\Documents\payara\payara5\glassfish\modules\jersey-container-servlet.jar;C:\Users\Gabor\Documents\payara\payara5\glassfish\modules\jersey-entity-filtering.jar;C:\Users\Gabor\Documents\payara\payara5\glassfish\modules\jersey-gf-ejb.jar;C:\Users\Gabor\Documents\payara\payara5\glassfish\modules\jersey-hk2.jar;C:\Users\Gabor\Documents\payara\payara5\glassfish\modules\jersey-media-jaxb.jar;C:\Users\Gabor\Documents\payara\payara5\glassfish\modules\jersey-media-json-binding.jar;C:\Users\Gabor\Documents\payara\payara5\glassfish\modules\jersey-media-json-jackson.jar;C:\Users\Gabor\Documents\payara\payara5\glassfish\modules\jersey-media-json-processing.jar;C:\Users\Gabor\Documents\payara\payara5\glassfish\modules\jersey-media-moxy.jar;C:\Users\Gabor\Documents\payara\payara5\glassfish\modules\jersey-media-multipart.jar;C:\Users\Gabor\Documents\payara\payara5\glassfish\modules\jersey-media-sse.jar;C:\Users\Gabor\Documents\payara\payara5\glassfish\modules\jersey-mp-rest-client.jar;C:\Users\Gabor\Documents\payara\payara5\glassfish\modules\jersey-mvc-connector.jar;C:\Users\Gabor\Documents\payara\payara5\glassfish\modules\jersey-mvc-jsp.jar;C:\Users\Gabor\Documents\payara\payara5\glassfish\modules\jersey-mvc.jar;C:\Users\Gabor\Documents\payara\payara5\glassfish\modules\jersey-proxy-client.jar;C:\Users\Gabor\Documents\payara\payara5\glassfish\modules\jersey-server.jar;C:\Users\Gabor\Documents\payara\payara5\glassfish\modules\web-core.jar;C:\Users\Gabor\Documents\payara\payara5\glassfish\modules\payara-api.jar" />
    <property name="nb.wait.for.caches" value="true" />
    <property name="java.class.path" value="C:\Program Files\NetBeans-15\netbeans\java\modules\ext\eclipselink\org.eclipse.persistence.core-2.7.10.jar;C:\Program Files\NetBeans-15\netbeans\java\modules\ext\eclipselink\org.eclipse.persistence.asm-9.2.0.jar;C:\Program Files\NetBeans-15\netbeans\java\modules\ext\eclipselink\org.eclipse.persistence.antlr-2.7.10.jar;C:\Program Files\NetBeans-15\netbeans\java\modules\ext\eclipselink\org.eclipse.persistence.jpa-2.7.10.jar;C:\Program Files\NetBeans-15\netbeans\java\modules\ext\eclipselink\org.eclipse.persistence.jpa.jpql-2.7.10.jar;C:\Program Files\NetBeans-15\netbeans\java\modules\ext\eclipselink\org.eclipse.persistence.moxy-2.7.10.jar;C:\Program Files\NetBeans-15\netbeans\java\modules\ext\eclipselink\jakarta.persistence-2.2.3.jar;C:\Users\csomo\Documents\NetBeansProjects\konyvek\libs\mysql-connector-j-8.0.31\mysql-connector-j-8.0.31.jar;C:\Users\csomo\Documents\NetBeansProjects\CsomósVince_Exam\java_backend_exam_230306\build\classes;C:\Program Files\NetBeans-15\netbeans\platform\modules\ext\junit-4.13.2.jar;C:\Program Files\NetBeans-15\netbeans\platform\modules\ext\hamcrest-core-1.3.jar;C:\Users\csomo\Documents\NetBeansProjects\CsomósVince_Exam\java_backend_exam_230306\test\libs\Exam2023-03-06TestLib.jar;C:\Users\csomo\Documents\NetBeansProjects\CsomósVince_Exam\java_backend_exam_230306\build\test\classes;C:\Program Files\NetBeans-15\netbeans\extide\ant\lib\ant-launcher.jar;C:\Program Files\NetBeans-15\netbeans\extide\ant\lib\ant.jar;C:\Program Files\NetBeans-15\netbeans\extide\ant\lib\ant-junit.jar;C:\Program Files\NetBeans-15\netbeans\extide\ant\lib\ant-junit4.jar" />
    <property name="libs.javaee-web-api-6.0.maven-pom" value="" />
    <property name="java.vm.vendor" value="Oracle Corporation" />
    <property name="ap.supported.internal" value="true" />
    <property name="user.variant" value="" />
    <property name="netbeans.home+have.tests" value="true" />
    <property name="test.binaryexcludes" value="" />
    <property name="javac.compilerargs" value="" />
    <property name="libs.jstl.maven-pom" value="" />
    <property name="libs.jakartaee-web-api-8.0.src" value="" />
    <property name="sun.cpu.endian" value="little" />
    <property name="libs.junit_4.src" value="C:\Program Files\NetBeans-15\netbeans\platform\docs\junit-4.13.2-sources.jar" />
    <property name="libs.jakartaee-api-9.0.src" value="" />
    <property name="user.language" value="en" />
    <property name="copylibs.rebase" value="true" />
    <property name="libs.javaee-web-api-6.0.src" value="" />
    <property name="maven.defaultProjectBuilder.disableGlobalModelCache" value="true" />
    <property name="javadoc.nonavbar" value="false" />
    <property name="libs.javaee-api-8.0.src" value="" />
    <property name="ant.java.version" value="19" />
    <property name="libs.junit_4.classpath" value="C:\Program Files\NetBeans-15\netbeans\platform\modules\ext\junit-4.13.2.jar" />
    <property name="libs.jakartaee-api-9.0.javadoc" value="C:\Program Files\NetBeans-15\netbeans\enterprise\docs\jakartaee9-doc-api.jar" />
    <property name="jlink.launcher.name" value="Exam2023-03-06" />
    <property name="libs.EclipseLink-GlassFish-v3.classpath" value="C:\Users\Gabor\Documents\glassfish5\glassfish5\glassfish\modules\org.eclipse.persistence.antlr.jar;C:\Users\Gabor\Documents\glassfish5\glassfish5\glassfish\modules\org.eclipse.persistence.asm.jar;C:\Users\Gabor\Documents\glassfish5\glassfish5\glassfish\modules\org.eclipse.persistence.core.jar;C:\Users\Gabor\Documents\glassfish5\glassfish5\glassfish\modules\org.eclipse.persistence.dbws.jar;C:\Users\Gabor\Documents\glassfish5\glassfish5\glassfish\modules\org.eclipse.persistence.jpa.jar;C:\Users\Gabor\Documents\glassfish5\glassfish5\glassfish\modules\org.eclipse.persistence.jpa.jpql.jar;C:\Users\Gabor\Documents\glassfish5\glassfish5\glassfish\modules\org.eclipse.persistence.jpa.modelgen.processor.jar;C:\Users\Gabor\Documents\glassfish5\glassfish5\glassfish\modules\org.eclipse.persistence.moxy.jar;C:\Users\Gabor\Documents\glassfish5\glassfish5\glassfish\modules\org.eclipse.persistence.oracle.jar;C:\Users\Gabor\Documents\glassfish5\glassfish5\glassfish\modules\javax.persistence.jar" />
    <property name="test.binarytestincludes" value="" />
    <property name="sun.awt.keepWorkingSetOnMinimize" value="true" />
    <property name="libs.junit_4.maven-pom" value="" />
    <property name="libs.spring-webmvc5.0.maven-pom" value="" />
    <property name="libs.jsp-compiler.maven-pom" value="" />
    <property name="runtime.encoding" value="UTF-8" />
    <property name="jlink.additionalmodules" value="" />
    <property name="javac.classpath" value="C:\Program Files\NetBeans-15\netbeans\java\modules\ext\eclipselink\org.eclipse.persistence.core-2.7.10.jar;C:\Program Files\NetBeans-15\netbeans\java\modules\ext\eclipselink\org.eclipse.persistence.asm-9.2.0.jar;C:\Program Files\NetBeans-15\netbeans\java\modules\ext\eclipselink\org.eclipse.persistence.antlr-2.7.10.jar;C:\Program Files\NetBeans-15\netbeans\java\modules\ext\eclipselink\org.eclipse.persistence.jpa-2.7.10.jar;C:\Program Files\NetBeans-15\netbeans\java\modules\ext\eclipselink\org.eclipse.persistence.jpa.jpql-2.7.10.jar;C:\Program Files\NetBeans-15\netbeans\java\modules\ext\eclipselink\org.eclipse.persistence.moxy-2.7.10.jar;C:\Program Files\NetBeans-15\netbeans\java\modules\ext\eclipselink\jakarta.persistence-2.2.3.jar:C:\Users\csomo\Documents\NetBeansProjects\konyvek\libs\mysql-connector-j-8.0.31\mysql-connector-j-8.0.31.jar" />
    <property name="libs.jakartaee-web-api-8.0.classpath" value="C:\Program Files\NetBeans-15\netbeans\enterprise\modules\ext\jakarta.jakartaee-web-api-8.0.0.jar" />
    <property name="dist.jlink.dir" value="dist/jlink" />
    <property name="ant.file.type.Exam2023-03-06" value="file" />
    <property name="nb.junit.batch" value="true" />
    <property name="libs.JAVADB_DRIVER_LABEL.maven-pom" value="" />
    <property name="libs.JSF2.4.classpath" value="E:\Letoltesek\javax.faces-2.4.0.jar" />
    <property name="build.test.classes.dir" value="build/test/classes" />
    <property name="libs.spring-framework300.maven-pom" value="" />
    <property name="ant.project.invoked-targets" value="test" />
    <property name="libs.jstl.classpath" value="C:\Program Files\NetBeans-15\netbeans\enterprise\modules\ext\jstl-impl.jar;C:\Program Files\NetBeans-15\netbeans\enterprise\modules\ext\jstl-api.jar" />
    <property name="ap.cmd.line.internal" value="" />
    <property name="libs.PostgreSQLDriver.src" value="" />
    <property name="java.vendor.url.bug" value="https://bugreport.java.com/bugreport/" />
    <property name="annotation.processing.source.output" value="build/generated-sources/ap-source-output" />
    <property name="libs.javaee-endorsed-api-6.0.maven-pom" value="" />
    <property name="user.dir" value="C:\Users\csomo\Documents\NetBeansProjects\CsomósVince_Exam\java_backend_exam_230306" />
    <property name="platform.java" value="C:\Program Files\Java\jdk-19/bin/java" />
    <property name="application.args" value="" />
    <property name="org.xml.sax.driver" value="com.sun.org.apache.xerces.internal.jaxp.SAXParserImpl$JAXPSAXParser" />
    <property name="libs.Java-EE-Payara-v5.maven-pom" value="" />
    <property name="libs.jakartaee-web-api-8.0.maven-pom" value="" />
    <property name="libs.eclipselink.src" value="" />
    <property name="java.vm.version" value="19+36-2238" />
    <property name="libs.metro.javadoc" value="C:\Program Files\NetBeans-15\netbeans\enterprise\docs\webservices-api-javadoc.jar;C:\Program Files\NetBeans-15\netbeans\enterprise\docs\webservices-extra-javadoc.jar;C:\Program Files\NetBeans-15\netbeans\enterprise\docs\webservices-extra-api-javadoc.jar;C:\Program Files\NetBeans-15\netbeans\enterprise\docs\webservices-rt-javadoc.jar;C:\Program Files\NetBeans-15\netbeans\enterprise\docs\webservices-tools-javadoc.jar" />
    <property name="libs.jakartaee-web-api-9.0.src" value="" />
    <property name="sun.awt.datatransfer.timeout" value="1000" />
    <property name="annotation.processing.run.all.processors" value="true" />
    <property name="junit.forkmode" value="perTest" />
    <property name="libs.jakartaee-api-8.0.src" value="" />
    <property name="libs.javaee-web-api-7.0.src" value="" />
    <property name="libs.jsp-compiler.classpath" value="C:\Program Files\NetBeans-15\netbeans\enterprise\ant\extra\jspcompile.jar" />
    <property name="libs.javaee-endorsed-api-6.0.classpath" value="C:\Program Files\NetBeans-15\netbeans\enterprise\modules\ext\javaee6-endorsed\javax.annotation.jar;C:\Program Files\NetBeans-15\netbeans\enterprise\modules\ext\javaee6-endorsed\jaxb-api-osgi.jar;C:\Program Files\NetBeans-15\netbeans\enterprise\modules\ext\javaee6-endorsed\webservices-api-osgi.jar" />
  </properties>
  <testcase classname="fundamentaltask.FundamentalTest" name="testController" time="0.858">
    <failure message="expected:&lt;articleNumber=DP00112233quantity= 24&gt; but was:&lt;articleNumber=122quantity= 0&gt;" type="junit.framework.AssertionFailedError">junit.framework.AssertionFailedError: expected:&lt;articleNumber=DP00112233quantity= 24&gt; but was:&lt;articleNumber=122quantity= 0&gt;
	at fundamentaltask.FundamentalTest.testController(FundamentalTest.java:40)
	at java.base/jdk.internal.reflect.DirectMethodHandleAccessor.invoke(DirectMethodHandleAccessor.java:104)
</failure>
  </testcase>
  <testcase classname="fundamentaltask.FundamentalTest" name="testCountDifferentChars" time="0.0">
    <skipped />
  </testcase>
  <testcase classname="fundamentaltask.FundamentalTest" name="testOrderChars" time="0.001" />
  <testcase classname="fundamentaltask.FundamentalTest" name="testReplaceUnderscores" time="0.0" />
  <testcase classname="fundamentaltask.FundamentalTest" name="testInvertCase" time="0.0" />
  <testcase classname="fundamentaltask.FundamentalTest" name="testContainsCertainDigit" time="0.004" />
  <system-out><![CDATA[[EL Warning]: metadata: 2023-04-11 16:06:01.535--ServerSession(306115458)--The java.lang.Object class was compiled with an unsupported JDK. Report this error to the EclipseLink open source project.
java.lang.IllegalArgumentException: Unsupported class file major version 63
[EL Severe]: metadata: 2023-04-11 16:06:01.541--ServerSession(306115458)--The java.lang.Object class was compiled with an unsupported JDK. Report this error to the EclipseLink open source project.
java.lang.ArrayIndexOutOfBoundsException: Index 8 out of bounds for length 0
[EL Warning]: metadata: 2023-04-11 16:06:01.552--ServerSession(306115458)--The java.util.Date class was compiled with an unsupported JDK. Report this error to the EclipseLink open source project.
java.lang.IllegalArgumentException: Unsupported class file major version 63
[EL Severe]: metadata: 2023-04-11 16:06:01.552--ServerSession(306115458)--The java.util.Date class was compiled with an unsupported JDK. Report this error to the EclipseLink open source project.
java.lang.ArrayIndexOutOfBoundsException: Index 8 out of bounds for length 0
[EL Warning]: metadata: 2023-04-11 16:06:01.552--ServerSession(306115458)--The java.lang.String class was compiled with an unsupported JDK. Report this error to the EclipseLink open source project.
java.lang.IllegalArgumentException: Unsupported class file major version 63
[EL Severe]: metadata: 2023-04-11 16:06:01.552--ServerSession(306115458)--The java.lang.String class was compiled with an unsupported JDK. Report this error to the EclipseLink open source project.
java.lang.ArrayIndexOutOfBoundsException: Index 8 out of bounds for length 0
[EL Warning]: metadata: 2023-04-11 16:06:01.555--ServerSession(306115458)--The java.math.BigDecimal class was compiled with an unsupported JDK. Report this error to the EclipseLink open source project.
java.lang.IllegalArgumentException: Unsupported class file major version 63
[EL Severe]: metadata: 2023-04-11 16:06:01.555--ServerSession(306115458)--The java.math.BigDecimal class was compiled with an unsupported JDK. Report this error to the EclipseLink open source project.
java.lang.ArrayIndexOutOfBoundsException: Index 8 out of bounds for length 0
[EL Warning]: metadata: 2023-04-11 16:06:01.556--ServerSession(306115458)--The java.util.Collection class was compiled with an unsupported JDK. Report this error to the EclipseLink open source project.
java.lang.IllegalArgumentException: Unsupported class file major version 63
[EL Severe]: metadata: 2023-04-11 16:06:01.556--ServerSession(306115458)--The java.util.Collection class was compiled with an unsupported JDK. Report this error to the EclipseLink open source project.
java.lang.ArrayIndexOutOfBoundsException: Index 8 out of bounds for length 0
[EL Warning]: metadata: 2023-04-11 16:06:01.558--ServerSession(306115458)--The java.lang.Iterable class was compiled with an unsupported JDK. Report this error to the EclipseLink open source project.
java.lang.IllegalArgumentException: Unsupported class file major version 63
[EL Severe]: metadata: 2023-04-11 16:06:01.558--ServerSession(306115458)--The java.lang.Iterable class was compiled with an unsupported JDK. Report this error to the EclipseLink open source project.
java.lang.ArrayIndexOutOfBoundsException: Index 8 out of bounds for length 0
[EL Warning]: metadata: 2023-04-11 16:06:01.558--ServerSession(306115458)--The java.lang.Integer class was compiled with an unsupported JDK. Report this error to the EclipseLink open source project.
java.lang.IllegalArgumentException: Unsupported class file major version 63
[EL Severe]: metadata: 2023-04-11 16:06:01.558--ServerSession(306115458)--The java.lang.Integer class was compiled with an unsupported JDK. Report this error to the EclipseLink open source project.
java.lang.ArrayIndexOutOfBoundsException: Index 8 out of bounds for length 0
[EL Warning]: metadata: 2023-04-11 16:06:01.56--ServerSession(306115458)--The java.io.Serializable class was compiled with an unsupported JDK. Report this error to the EclipseLink open source project.
java.lang.IllegalArgumentException: Unsupported class file major version 63
[EL Severe]: metadata: 2023-04-11 16:06:01.602--ServerSession(306115458)--The java.io.Serializable class was compiled with an unsupported JDK. Report this error to the EclipseLink open source project.
java.lang.ArrayIndexOutOfBoundsException: Index 8 out of bounds for length 0
[EL Warning]: metadata: 2023-04-11 16:06:01.611--ServerSession(306115458)--The java.lang.Double class was compiled with an unsupported JDK. Report this error to the EclipseLink open source project.
java.lang.IllegalArgumentException: Unsupported class file major version 63
[EL Severe]: metadata: 2023-04-11 16:06:01.611--ServerSession(306115458)--The java.lang.Double class was compiled with an unsupported JDK. Report this error to the EclipseLink open source project.
java.lang.ArrayIndexOutOfBoundsException
[EL Warning]: metadata: 2023-04-11 16:06:01.611--ServerSession(306115458)--The java.lang.Number class was compiled with an unsupported JDK. Report this error to the EclipseLink open source project.
java.lang.IllegalArgumentException: Unsupported class file major version 63
[EL Severe]: metadata: 2023-04-11 16:06:01.611--ServerSession(306115458)--The java.lang.Number class was compiled with an unsupported JDK. Report this error to the EclipseLink open source project.
java.lang.ArrayIndexOutOfBoundsException
[EL Info]: 2023-04-11 16:06:01.769--ServerSession(306115458)--EclipseLink, version: Eclipse Persistence Services - 2.7.10.v20211216-fe64cd39c3
orderChars
replaceUnderscores
invertCase
containsCertainDigit
You might have: 40 scores :-)
]]></system-out>
  <system-err><![CDATA[Apr 11, 2023 4:06:01 PM oop.persistance.controller.DurableHandler create
SEVERE: null
java.lang.NullPointerException: Cannot invoke "entities.StateSalesTax.getTaxKey()" because the return value of "entities.DurableProducts.getTaxId()" is null
	at oop.persistance.controller.DurableProductsJpaController.createAndMakeFK(DurableProductsJpaController.java:211)
	at oop.persistance.controller.DurableHandler.create(DurableHandler.java:27)
	at fundamentaltask.FundamentalTest.testController(FundamentalTest.java:37)
	at java.base/jdk.internal.reflect.DirectMethodHandleAccessor.invoke(DirectMethodHandleAccessor.java:104)
	at java.base/java.lang.reflect.Method.invoke(Method.java:578)
	at org.junit.runners.model.FrameworkMethod$1.runReflectiveCall(FrameworkMethod.java:59)
	at org.junit.internal.runners.model.ReflectiveCallable.run(ReflectiveCallable.java:12)
	at org.junit.runners.model.FrameworkMethod.invokeExplosively(FrameworkMethod.java:56)
	at org.junit.internal.runners.statements.InvokeMethod.evaluate(InvokeMethod.java:17)
	at org.junit.runners.ParentRunner$3.evaluate(ParentRunner.java:306)
	at org.junit.runners.BlockJUnit4ClassRunner$1.evaluate(BlockJUnit4ClassRunner.java:100)
	at org.junit.runners.ParentRunner.runLeaf(ParentRunner.java:366)
	at org.junit.runners.BlockJUnit4ClassRunner.runChild(BlockJUnit4ClassRunner.java:103)
	at org.junit.runners.BlockJUnit4ClassRunner.runChild(BlockJUnit4ClassRunner.java:63)
	at org.junit.runners.ParentRunner$4.run(ParentRunner.java:331)
	at org.junit.runners.ParentRunner$1.schedule(ParentRunner.java:79)
	at org.junit.runners.ParentRunner.runChildren(ParentRunner.java:329)
	at org.junit.runners.ParentRunner.access$100(ParentRunner.java:66)
	at org.junit.runners.ParentRunner$2.evaluate(ParentRunner.java:293)
	at org.junit.internal.runners.statements.RunAfters.evaluate(RunAfters.java:27)
	at org.junit.runners.ParentRunner$3.evaluate(ParentRunner.java:306)
	at org.junit.runners.ParentRunner.run(ParentRunner.java:413)
	at junit.framework.JUnit4TestAdapter.run(JUnit4TestAdapter.java:50)
	at org.apache.tools.ant.taskdefs.optional.junit.JUnitTestRunner.run(JUnitTestRunner.java:534)
	at org.apache.tools.ant.taskdefs.optional.junit.JUnitTestRunner.launch(JUnitTestRunner.java:1196)
	at org.apache.tools.ant.taskdefs.optional.junit.JUnitTestRunner.main(JUnitTestRunner.java:1041)

]]></system-err>
</testsuite>
